TAG      ACTUAL_RATE      X_HAT_MINUS            X_HAT          P_MINUS                H                K                P          SPEEDUP            ERROR         WORKLOAD         LOWER_ID         UPPER_ID  LOW_STATE_ITERS
1         9.687653         0.200000         0.968688         1.000010        10.000000         0.099990         0.000100        10.000000        10.312347         1.032324                0                0                0
3        10.438954         0.968688         1.008081         0.000110        10.000000         0.052379         0.000052        10.000000         9.561046         0.991984                0                0                0
5        10.463515         1.008081         1.022783         0.000062        10.000000         0.038416         0.000038        10.000000         9.536485         0.977725                0                0                0
7        10.448635         1.022783         1.029986         0.000048        10.000000         0.032622         0.000033        10.000000         9.551365         0.970887                0                0                0
9        10.444397         1.029986         1.034305         0.000043        10.000000         0.029884         0.000030        10.000000         9.555603         0.966833                0                0                0
11        10.438373         1.034305         1.037023         0.000040        10.000000         0.028512         0.000029        10.000000         9.561627         0.964299                0                0                0
13        10.444304         1.037023         1.039083         0.000039        10.000000         0.027804         0.000028        10.000000         9.555696         0.962387                0                0                0
15        10.439422         1.039083         1.040416         0.000038        10.000000         0.027433         0.000027        10.000000         9.560578         0.961154                0                0                0
17        10.449865         1.040416         1.041661         0.000037        10.000000         0.027237         0.000027        10.000000         9.550135         0.960005                0                0                0
19        10.501748         1.041661         1.043971         0.000037        10.000000         0.027134         0.000027        10.000000         9.498252         0.957881                0                0                0
num_beats: 200  target_rate: 100  window_size: 2
TAG      ACTUAL_RATE      X_HAT_MINUS            X_HAT          P_MINUS                H                K                P          SPEEDUP            ERROR         WORKLOAD         LOWER_ID         UPPER_ID  LOW_STATE_ITERS
3         9.952760         0.200000         0.995196         1.000010        10.000000         0.099990         0.000100        10.000000        10.047240         1.004827                0                0                0
7        10.445550         0.995196         1.021050         0.000110        10.000000         0.052379         0.000052        10.000000         9.554450         0.979384                0                0                0
11        10.366649         1.021050         1.027048         0.000062        10.000000         0.038416         0.000038        10.000000         9.633351         0.973664                0                0                0
15        10.473329         1.027048         1.033666         0.000048        10.000000         0.032622         0.000033        10.000000         9.526671         0.967431                0                0                0
19        10.442453         1.033666         1.036827         0.000043        10.000000         0.029884         0.000030        10.000000         9.557547         0.964481                0                0                0
num_beats: 200  target_rate: 100  window_size: 4
TAG      ACTUAL_RATE      X_HAT_MINUS            X_HAT          P_MINUS                H                K                P          SPEEDUP            ERROR         WORKLOAD         LOWER_ID         UPPER_ID  LOW_STATE_ITERS
5        10.478186         0.200000         1.047734         1.000010        10.000000         0.099990         0.000100        10.000000         9.521814         0.954441                0                0                0
11        10.485654         1.047734         1.048169         0.000110        10.000000         0.052379         0.000052        10.000000         9.514346         0.954044                0                0                0
17        10.442883         1.048169         1.046678         0.000062        10.000000         0.038416         0.000038        10.000000         9.557117         0.955403                0                0                0
num_beats: 200  target_rate: 100  window_size: 6
TAG      ACTUAL_RATE      X_HAT_MINUS            X_HAT          P_MINUS                H                K                P          SPEEDUP            ERROR         WORKLOAD         LOWER_ID         UPPER_ID  LOW_STATE_ITERS
7        10.348576         0.200000         1.034774         1.000010        10.000000         0.099990         0.000100        10.000000         9.651424         0.966395                0                0                0
15        10.450621         1.034774         1.040163         0.000110        10.000000         0.052379         0.000052        10.000000         9.549379         0.961388                0                0                0
num_beats: 200  target_rate: 100  window_size: 8
TAG      ACTUAL_RATE      X_HAT_MINUS            X_HAT          P_MINUS                H                K                P          SPEEDUP            ERROR         WORKLOAD         LOWER_ID         UPPER_ID  LOW_STATE_ITERS
1         9.976476         0.200000         0.997568         1.000010        10.000000         0.099990         0.000100        10.000000        12.023524         1.002438                0                0                0
3        10.452935         0.997568         1.022566         0.000110        10.000000         0.052379         0.000052        10.000000        11.547065         0.977932                0                0                0
5        10.442677         1.022566         1.030903         0.000062        10.000000         0.038416         0.000038        10.000000        11.557323         0.970024                0                0                0
7        10.511497         1.030903         1.037508         0.000048        10.000000         0.032622         0.000033        10.000000        11.488503         0.963848                0                0                0
9        10.480819         1.037508         1.040668         0.000043        10.000000         0.029884         0.000030        10.000000        11.519181         0.960922                0                0                0
11        10.453928         1.040668         1.042015         0.000040        10.000000         0.028512         0.000029        10.000000        11.546072         0.959679                0                0                0
13        10.447764         1.042015         1.042783         0.000039        10.000000         0.027804         0.000028        10.000000        11.552236         0.958973                0                0                0
15        10.449328         1.042783         1.043373         0.000038        10.000000         0.027433         0.000027        10.000000        11.550672         0.958430                0                0                0
17        10.440814         1.043373         1.043566         0.000037        10.000000         0.027237         0.000027        10.000000        11.559186         0.958253                0                0                0
19        10.457677         1.043566         1.044163         0.000037        10.000000         0.027134         0.000027        10.000000        11.542323         0.957705                0                0                0
num_beats: 200  target_rate: 110  window_size: 2
TAG      ACTUAL_RATE      X_HAT_MINUS            X_HAT          P_MINUS                H                K                P          SPEEDUP            ERROR         WORKLOAD         LOWER_ID         UPPER_ID  LOW_STATE_ITERS
3         9.981132         0.200000         0.998033         1.000010        10.000000         0.099990         0.000100        10.000000        12.018868         1.001971                0                0                0
7        10.438278         0.998033         1.022020         0.000110        10.000000         0.052379         0.000052        10.000000        11.561722         0.978455                0                0                0
11        10.454018         1.022020         1.031002         0.000062        10.000000         0.038416         0.000038        10.000000        11.545982         0.969930                0                0                0
15        10.462394         1.031002         1.035973         0.000048        10.000000         0.032622         0.000033        10.000000        11.537606         0.965276                0                0                0
19        10.443229         1.035973         1.038468         0.000043        10.000000         0.029884         0.000030        10.000000        11.556771         0.962957                0                0                0
num_beats: 200  target_rate: 110  window_size: 4
TAG      ACTUAL_RATE      X_HAT_MINUS            X_HAT          P_MINUS                H                K                P          SPEEDUP            ERROR         WORKLOAD         LOWER_ID         UPPER_ID  LOW_STATE_ITERS
5        10.494877         0.200000         1.049403         1.000010        10.000000         0.099990         0.000100        10.000000        11.505123         0.952923                0                0                0
11        10.466342         1.049403         1.047953         0.000110        10.000000         0.052379         0.000052        10.000000        11.533658         0.954242                0                0                0
17        10.470005         1.047953         1.047587         0.000062        10.000000         0.038416         0.000038        10.000000        11.529995         0.954575                0                0                0
num_beats: 200  target_rate: 110  window_size: 6
TAG      ACTUAL_RATE      X_HAT_MINUS            X_HAT          P_MINUS                H                K                P          SPEEDUP            ERROR         WORKLOAD         LOWER_ID         UPPER_ID  LOW_STATE_ITERS
7        10.178046         0.200000         1.017723         1.000010        10.000000         0.099990         0.000100        10.000000        11.821954         0.982586                0                0                0
15        10.526575         1.017723         1.036021         0.000110        10.000000         0.052379         0.000052        10.000000        11.473425         0.965231                0                0                0
num_beats: 200  target_rate: 110  window_size: 8
TAG      ACTUAL_RATE      X_HAT_MINUS            X_HAT          P_MINUS                H                K                P          SPEEDUP            ERROR         WORKLOAD         LOWER_ID         UPPER_ID  LOW_STATE_ITERS
1        10.446845         0.200000         1.044600         1.000010        10.000000         0.099990         0.000100        10.000000        13.553155         0.957304                0                0                0
3        10.430319         1.044600         1.043779         0.000110        10.000000         0.052379         0.000052        10.000000        13.569681         0.958058                0                0                0
5        10.441082         1.043779         1.043905         0.000062        10.000000         0.038416         0.000038        10.000000        13.558918         0.957941                0                0                0
7        10.439901         1.043905         1.043933         0.000048        10.000000         0.032622         0.000033        10.000000        13.560099         0.957916                0                0                0
9        10.438954         1.043933         1.043922         0.000043        10.000000         0.029884         0.000030        10.000000        13.561046         0.957926                0                0                0
11        10.454996         1.043922         1.044372         0.000040        10.000000         0.028512         0.000029        10.000000        13.545004         0.957514                0                0                0
13        10.449492         1.044372         1.044532         0.000039        10.000000         0.027804         0.000028        10.000000        13.550508         0.957366                0                0                0
15        10.436823         1.044532         1.044299         0.000038        10.000000         0.027433         0.000027        10.000000        13.563177         0.957580                0                0                0
17        10.442815         1.044299         1.044294         0.000037        10.000000         0.027237         0.000027        10.000000        13.557185         0.957584                0                0                0
19        10.450498         1.044294         1.044499         0.000037        10.000000         0.027134         0.000027        10.000000        13.549502         0.957397                0                0                0
num_beats: 200  target_rate: 120  window_size: 2
TAG      ACTUAL_RATE      X_HAT_MINUS            X_HAT          P_MINUS                H                K                P          SPEEDUP            ERROR         WORKLOAD         LOWER_ID         UPPER_ID  LOW_STATE_ITERS
3        10.124160         0.200000         1.012335         1.000010        10.000000         0.099990         0.000100        10.000000        13.875840         0.987816                0                0                0
7        10.477853         1.012335         1.030903         0.000110        10.000000         0.052379         0.000052        10.000000        13.522147         0.970023                0                0                0
11        10.443747         1.030903         1.036078         0.000062        10.000000         0.038416         0.000038        10.000000        13.556253         0.965178                0                0                0
15        10.453546         1.036078         1.039104         0.000048        10.000000         0.032622         0.000033        10.000000        13.546454         0.962367                0                0                0
19        10.476306         1.039104         1.041652         0.000043        10.000000         0.029884         0.000030        10.000000        13.523694         0.960013                0                0                0
num_beats: 200  target_rate: 120  window_size: 4
TAG      ACTUAL_RATE      X_HAT_MINUS            X_HAT          P_MINUS                H                K                P          SPEEDUP            ERROR         WORKLOAD         LOWER_ID         UPPER_ID  LOW_STATE_ITERS
5         9.766860         0.200000         0.976608         1.000010        10.000000         0.099990         0.000100        10.000000        14.233140         1.023952                0                0                0
11        10.438175         0.976608         1.011812         0.000110        10.000000         0.052379         0.000052        10.000000        13.561825         0.988326                0                0                0
17        10.453674         1.011812         1.024702         0.000062        10.000000         0.038416         0.000038        10.000000        13.546326         0.975893                0                0                0
num_beats: 200  target_rate: 120  window_size: 6
TAG      ACTUAL_RATE      X_HAT_MINUS            X_HAT          P_MINUS                H                K                P          SPEEDUP            ERROR         WORKLOAD         LOWER_ID         UPPER_ID  LOW_STATE_ITERS
7        10.293028         0.200000         1.029220         1.000010        10.000000         0.099990         0.000100        10.000000        13.706972         0.971610                0                0                0
15        10.458256         1.029220         1.037918         0.000110        10.000000         0.052379         0.000052        10.000000        13.541744         0.963467                0                0                0
num_beats: 200  target_rate: 120  window_size: 8
TAG      ACTUAL_RATE      X_HAT_MINUS            X_HAT          P_MINUS                H                K                P          SPEEDUP            ERROR         WORKLOAD         LOWER_ID         UPPER_ID  LOW_STATE_ITERS
1        10.440601         0.200000         1.043976         1.000010        10.000000         0.099990         0.000100        10.000000        15.559399         0.957877                0                0                0
3        10.462315         1.043976         1.045157         0.000110        10.000000         0.052379         0.000052        10.000000        15.537685         0.956794                0                0                0
5        10.427906         1.045157         1.044248         0.000062        10.000000         0.038416         0.000038        10.000000        15.572094         0.957627                0                0                0
7        10.453525         1.044248         1.044608         0.000048        10.000000         0.032622         0.000033        10.000000        15.546475         0.957297                0                0                0
9        10.431096         1.044608         1.044160         0.000043        10.000000         0.029884         0.000030        10.000000        15.568904         0.957707                0                0                0
11        10.443138         1.044160         1.044204         0.000040        10.000000         0.028512         0.000029        10.000000        15.556862         0.957667                0                0                0
13        10.460915         1.044204         1.044729         0.000039        10.000000         0.027804         0.000028        10.000000        15.539085         0.957186                0                0                0
15        10.499798         1.044729         1.046169         0.000038        10.000000         0.027433         0.000027        10.000000        15.500202         0.955868                0                0                0
17        10.433203         1.046169         1.045393         0.000037        10.000000         0.027237         0.000027        10.000000        15.566797         0.956578                0                0                0
19        10.458900         1.045393         1.045528         0.000037        10.000000         0.027134         0.000027        10.000000        15.541100         0.956454                0                0                0
num_beats: 200  target_rate: 130  window_size: 2
TAG      ACTUAL_RATE      X_HAT_MINUS            X_HAT          P_MINUS                H                K                P          SPEEDUP            ERROR         WORKLOAD         LOWER_ID         UPPER_ID  LOW_STATE_ITERS
3        10.472308         0.200000         1.047146         1.000010        10.000000         0.099990         0.000100        10.000000        15.527692         0.954977                0                0                0
7        10.470795         1.047146         1.047111         0.000110        10.000000         0.052379         0.000052        10.000000        15.529205         0.955008                0                0                0
11        10.500458         1.047111         1.048239         0.000062        10.000000         0.038416         0.000038        10.000000        15.499542         0.953981                0                0                0
15        10.455047         1.048239         1.047347         0.000048        10.000000         0.032622         0.000033        10.000000        15.544953         0.954794                0                0                0
19        10.447689         1.047347         1.046576         0.000043        10.000000         0.029884         0.000030        10.000000        15.552311         0.955496                0                0                0
num_beats: 200  target_rate: 130  window_size: 4
TAG      ACTUAL_RATE      X_HAT_MINUS            X_HAT          P_MINUS                H                K                P          SPEEDUP            ERROR         WORKLOAD         LOWER_ID         UPPER_ID  LOW_STATE_ITERS
5        10.080768         0.200000         1.007996         1.000010        10.000000         0.099990         0.000100        10.000000        15.919232         0.992067                0                0                0
11        10.478873         1.007996         1.028891         0.000110        10.000000         0.052379         0.000052        10.000000        15.521127         0.971921                0                0                0
17        10.498639         1.028891         1.036948         0.000062        10.000000         0.038416         0.000038        10.000000        15.501361         0.964369                0                0                0
num_beats: 200  target_rate: 130  window_size: 6
TAG      ACTUAL_RATE      X_HAT_MINUS            X_HAT          P_MINUS                H                K                P          SPEEDUP            ERROR         WORKLOAD         LOWER_ID         UPPER_ID  LOW_STATE_ITERS
7        10.204976         0.200000         1.020416         1.000010        10.000000         0.099990         0.000100        10.000000        15.795024         0.979993                0                0                0
15        10.464439         1.020416         1.034049         0.000110        10.000000         0.052379         0.000052        10.000000        15.535561         0.967072                0                0                0
num_beats: 200  target_rate: 130  window_size: 8
TAG      ACTUAL_RATE      X_HAT_MINUS            X_HAT          P_MINUS                H                K                P          SPEEDUP            ERROR         WORKLOAD         LOWER_ID         UPPER_ID  LOW_STATE_ITERS
1         9.883358         0.200000         0.988257         1.000010        10.000000         0.099990         0.000100        10.000000        18.116642         1.011883                0                0                0
3        10.430292         0.988257         1.016946         0.000110        10.000000         0.052379         0.000052        10.000000        17.569708         0.983336                0                0                0
5        10.462974         1.016946         1.028221         0.000062        10.000000         0.038416         0.000038        10.000000        17.537026         0.972553                0                0                0
7        10.440294         1.028221         1.033378         0.000048        10.000000         0.032622         0.000033        10.000000        17.559706         0.967700                0                0                0
9        10.486993         1.033378         1.037957         0.000043        10.000000         0.029884         0.000030        10.000000        17.513007         0.963431                0                0                0
11        10.431674         1.037957         1.039443         0.000040        10.000000         0.028512         0.000029        10.000000        17.568326         0.962054                0                0                0
13        10.478364         1.039443         1.041776         0.000039        10.000000         0.027804         0.000028        10.000000        17.521636         0.959899                0                0                0
15        10.433436         1.041776         1.042206         0.000038        10.000000         0.027433         0.000027        10.000000        17.566564         0.959503                0                0                0
17        10.442509         1.042206         1.042763         0.000037        10.000000         0.027237         0.000027        10.000000        17.557491         0.958990                0                0                0
19        10.465666         1.042763         1.043795         0.000037        10.000000         0.027134         0.000027        10.000000        17.534334         0.958042                0                0                0
num_beats: 200  target_rate: 140  window_size: 2
TAG      ACTUAL_RATE      X_HAT_MINUS            X_HAT          P_MINUS                H                K                P          SPEEDUP            ERROR         WORKLOAD         LOWER_ID         UPPER_ID  LOW_STATE_ITERS
3        10.130759         0.200000         1.012995         1.000010        10.000000         0.099990         0.000100        10.000000        17.869241         0.987172                0                0                0
7        10.475231         1.012995         1.031080         0.000110        10.000000         0.052379         0.000052        10.000000        17.524769         0.969857                0                0                0
11        10.492610         1.031080         1.038064         0.000062        10.000000         0.038416         0.000038        10.000000        17.507390         0.963331                0                0                0
15        10.506967         1.038064         1.042185         0.000048        10.000000         0.032622         0.000033        10.000000        17.493033         0.959522                0                0                0
19        10.492749         1.042185         1.044304         0.000043        10.000000         0.029884         0.000030        10.000000        17.507251         0.957576                0                0                0
num_beats: 200  target_rate: 140  window_size: 4
TAG      ACTUAL_RATE      X_HAT_MINUS            X_HAT          P_MINUS                H                K                P          SPEEDUP            ERROR         WORKLOAD         LOWER_ID         UPPER_ID  LOW_STATE_ITERS
5        10.469587         0.200000         1.046874         1.000010        10.000000         0.099990         0.000100        10.000000        17.530413         0.955225                0                0                0
11        10.441022         1.046874         1.045422         0.000110        10.000000         0.052379         0.000052        10.000000        17.558978         0.956551                0                0                0
17        10.445237         1.045422         1.045077         0.000062        10.000000         0.038416         0.000038        10.000000        17.554763         0.956867                0                0                0
num_beats: 200  target_rate: 140  window_size: 6
TAG      ACTUAL_RATE      X_HAT_MINUS            X_HAT          P_MINUS                H                K                P          SPEEDUP            ERROR         WORKLOAD         LOWER_ID         UPPER_ID  LOW_STATE_ITERS
7        10.222732         0.200000         1.022191         1.000010        10.000000         0.099990         0.000100        10.000000        17.777268         0.978291                0                0                0
15        10.463790         1.022191         1.034860         0.000110        10.000000         0.052379         0.000052        10.000000        17.536210         0.966314                0                0                0
num_beats: 200  target_rate: 140  window_size: 8
TAG      ACTUAL_RATE      X_HAT_MINUS            X_HAT          P_MINUS                H                K                P          SPEEDUP            ERROR         WORKLOAD         LOWER_ID         UPPER_ID  LOW_STATE_ITERS
1         9.499253         0.200000         0.949850         1.000010        10.000000         0.099990         0.000100        10.000000        20.500747         1.052798                0                0                0
3        10.428918         0.949850         0.998584         0.000110        10.000000         0.052379         0.000052        10.000000        19.571082         1.001418                0                0                0
5        10.463675         0.998584         1.016940         0.000062        10.000000         0.038416         0.000038        10.000000        19.536325         0.983342                0                0                0
7        10.433411         1.016940         1.025553         0.000048        10.000000         0.032622         0.000033        10.000000        19.566589         0.975084                0                0                0
9        10.431856         1.025553         1.030822         0.000043        10.000000         0.029884         0.000030        10.000000        19.568144         0.970099                0                0                0
11        10.432413         1.030822         1.034363         0.000040        10.000000         0.028512         0.000029        10.000000        19.567587         0.966778                0                0                0
13        10.447680         1.034363         1.037256         0.000039        10.000000         0.027804         0.000028        10.000000        19.552320         0.964082                0                0                0
15        10.443751         1.037256         1.039209         0.000038        10.000000         0.027433         0.000027        10.000000        19.556249         0.962270                0                0                0
17        10.446411         1.039209         1.040689         0.000037        10.000000         0.027237         0.000027        10.000000        19.553589         0.960902                0                0                0
19        10.432280         1.040689         1.041378         0.000037        10.000000         0.027134         0.000027        10.000000        19.567720         0.960266                0                0                0
num_beats: 200  target_rate: 150  window_size: 2
TAG      ACTUAL_RATE      X_HAT_MINUS            X_HAT          P_MINUS                H                K                P          SPEEDUP            ERROR         WORKLOAD         LOWER_ID         UPPER_ID  LOW_STATE_ITERS
3         9.416945         0.200000         0.941620         1.000010        10.000000         0.099990         0.000100        10.000000        20.583055         1.061999                0                0                0
7        10.426459         0.941620         0.994536         0.000110        10.000000         0.052379         0.000052        10.000000        19.573541         1.005494                0                0                0
11        10.437672         0.994536         1.013449         0.000062        10.000000         0.038416         0.000038        10.000000        19.562328         0.986730                0                0                0
15        10.446124         1.013449         1.023615         0.000048        10.000000         0.032622         0.000033        10.000000        19.553876         0.976930                0                0                0
19        10.435978         1.023615         1.029587         0.000043        10.000000         0.029884         0.000030        10.000000        19.564022         0.971264                0                0                0
num_beats: 200  target_rate: 150  window_size: 4
TAG      ACTUAL_RATE      X_HAT_MINUS            X_HAT          P_MINUS                H                K                P          SPEEDUP            ERROR         WORKLOAD         LOWER_ID         UPPER_ID  LOW_STATE_ITERS
5        10.187986         0.200000         1.018717         1.000010        10.000000         0.099990         0.000100        10.000000        19.812014         0.981627                0                0                0
11        10.447658         1.018717         1.032361         0.000110        10.000000         0.052379         0.000052        10.000000        19.552342         0.968653                0                0                0
17        10.475686         1.032361         1.038203         0.000062        10.000000         0.038416         0.000038        10.000000        19.524314         0.963203                0                0                0
num_beats: 200  target_rate: 150  window_size: 6
TAG      ACTUAL_RATE      X_HAT_MINUS            X_HAT          P_MINUS                H                K                P          SPEEDUP            ERROR         WORKLOAD         LOWER_ID         UPPER_ID  LOW_STATE_ITERS
7        10.456924         0.200000         1.045608         1.000010        10.000000         0.099990         0.000100        10.000000        19.543076         0.956381                0                0                0
15        10.446570         1.045608         1.045110         0.000110        10.000000         0.052379         0.000052        10.000000        19.553430         0.956837                0                0                0
num_beats: 200  target_rate: 150  window_size: 8
TAG      ACTUAL_RATE      X_HAT_MINUS            X_HAT          P_MINUS                H                K                P          SPEEDUP            ERROR         WORKLOAD         LOWER_ID         UPPER_ID  LOW_STATE_ITERS
1         9.758193         0.200000         0.975742         1.000010        10.000000         0.099990         0.000100        10.000000        22.241807         1.024861                0                0                0
3        10.484706         0.975742         1.013836         0.000110        10.000000         0.052379         0.000052        10.000000        21.515294         0.986353                0                0                0
5        10.443724         1.013836         1.025567         0.000062        10.000000         0.038416         0.000038        10.000000        21.556276         0.975071                0                0                0
7        10.431260         1.025567         1.031295         0.000048        10.000000         0.032622         0.000033        10.000000        21.568740         0.969655                0                0                0
9        10.437048         1.031295         1.035004         0.000043        10.000000         0.029884         0.000030        10.000000        21.562952         0.966180                0                0                0
11        10.444051         1.035004         1.037684         0.000040        10.000000         0.028512         0.000029        10.000000        21.555949         0.963684                0                0                0
13        10.476452         1.037684         1.040454         0.000039        10.000000         0.027804         0.000028        10.000000        21.523548         0.961119                0                0                0
15        10.434044         1.040454         1.041263         0.000038        10.000000         0.027433         0.000027        10.000000        21.565956         0.960372                0                0                0
17        10.460644         1.041263         1.042571         0.000037        10.000000         0.027237         0.000027        10.000000        21.539356         0.959167                0                0                0
19        10.444606         1.042571         1.043084         0.000037        10.000000         0.027134         0.000027        10.000000        21.555394         0.958696                0                0                0
num_beats: 200  target_rate: 160  window_size: 2
TAG      ACTUAL_RATE      X_HAT_MINUS            X_HAT          P_MINUS                H                K                P          SPEEDUP            ERROR         WORKLOAD         LOWER_ID         UPPER_ID  LOW_STATE_ITERS
3        10.325580         0.200000         1.032475         1.000010        10.000000         0.099990         0.000100        10.000000        21.674420         0.968547                0                0                0
7        10.442289         1.032475         1.038631         0.000110        10.000000         0.052379         0.000052        10.000000        21.557711         0.962805                0                0                0
11        10.436198         1.038631         1.040548         0.000062        10.000000         0.038416         0.000038        10.000000        21.563802         0.961032                0                0                0
15        10.444573         1.040548         1.041823         0.000048        10.000000         0.032622         0.000033        10.000000        21.555427         0.959856                0                0                0
19        10.457450         1.041823         1.042995         0.000043        10.000000         0.029884         0.000030        10.000000        21.542550         0.958777                0                0                0
num_beats: 200  target_rate: 160  window_size: 4
TAG      ACTUAL_RATE      X_HAT_MINUS            X_HAT          P_MINUS                H                K                P          SPEEDUP            ERROR         WORKLOAD         LOWER_ID         UPPER_ID  LOW_STATE_ITERS
5        10.279085         0.200000         1.027826         1.000010        10.000000         0.099990         0.000100        10.000000        21.720915         0.972928                0                0                0
11        10.448221         1.027826         1.036728         0.000110        10.000000         0.052379         0.000052        10.000000        21.551779         0.964573                0                0                0
17        10.443801         1.036728         1.039668         0.000062        10.000000         0.038416         0.000038        10.000000        21.556199         0.961846                0                0                0
num_beats: 200  target_rate: 160  window_size: 6
TAG      ACTUAL_RATE      X_HAT_MINUS            X_HAT          P_MINUS                H                K                P          SPEEDUP            ERROR         WORKLOAD         LOWER_ID         UPPER_ID  LOW_STATE_ITERS
7        10.299903         0.200000         1.029907         1.000010        10.000000         0.099990         0.000100        10.000000        21.700097         0.970961                0                0                0
15        10.452704         1.029907         1.037954         0.000110        10.000000         0.052379         0.000052        10.000000        21.547296         0.963434                0                0                0
num_beats: 200  target_rate: 160  window_size: 8
TAG      ACTUAL_RATE      X_HAT_MINUS            X_HAT          P_MINUS                H                K                P          SPEEDUP            ERROR         WORKLOAD         LOWER_ID         UPPER_ID  LOW_STATE_ITERS
1         9.988010         0.200000         0.998721         1.000010        10.000000         0.099990         0.000100        10.000000        24.011990         1.001280                0                0                0
3        10.478600         0.998721         1.024459         0.000110        10.000000         0.052379         0.000052        10.000000        23.521400         0.976125                0                0                0
5        10.429809         1.024459         1.031575         0.000062        10.000000         0.038416         0.000038        10.000000        23.570191         0.969392                0                0                0
7        10.441711         1.031575         1.035684         0.000048        10.000000         0.032622         0.000033        10.000000        23.558289         0.965546                0                0                0
9        10.431334         1.035684         1.037910         0.000043        10.000000         0.029884         0.000030        10.000000        23.568666         0.963475                0                0                0
11        10.443479         1.037910         1.039746         0.000040        10.000000         0.028512         0.000029        10.000000        23.556521         0.961774                0                0                0
13        10.485199         1.039746         1.042185         0.000039        10.000000         0.027804         0.000028        10.000000        23.514801         0.959522                0                0                0
15        10.450992         1.042185         1.042985         0.000038        10.000000         0.027433         0.000027        10.000000        23.549008         0.958787                0                0                0
17        10.433636         1.042985         1.043088         0.000037        10.000000         0.027237         0.000027        10.000000        23.566364         0.958692                0                0                0
19        10.433654         1.043088         1.043163         0.000037        10.000000         0.027134         0.000027        10.000000        23.566346         0.958623                0                0                0
num_beats: 200  target_rate: 170  window_size: 2
TAG      ACTUAL_RATE      X_HAT_MINUS            X_HAT          P_MINUS                H                K                P          SPEEDUP            ERROR         WORKLOAD         LOWER_ID         UPPER_ID  LOW_STATE_ITERS
3        10.457018         0.200000         1.045617         1.000010        10.000000         0.099990         0.000100        10.000000        23.542982         0.956373                0                0                0
7        10.440740         1.045617         1.044809         0.000110        10.000000         0.052379         0.000052        10.000000        23.559260         0.957113                0                0                0
11        10.450900         1.044809         1.044917         0.000062        10.000000         0.038416         0.000038        10.000000        23.549100         0.957014                0                0                0
15        10.446782         1.044917         1.044839         0.000048        10.000000         0.032622         0.000033        10.000000        23.553218         0.957085                0                0                0
19        10.452132         1.044839         1.044951         0.000043        10.000000         0.029884         0.000030        10.000000        23.547868         0.956983                0                0                0
num_beats: 200  target_rate: 170  window_size: 4
TAG      ACTUAL_RATE      X_HAT_MINUS            X_HAT          P_MINUS                H                K                P          SPEEDUP            ERROR         WORKLOAD         LOWER_ID         UPPER_ID  LOW_STATE_ITERS
5        10.478197         0.200000         1.047735         1.000010        10.000000         0.099990         0.000100        10.000000        23.521803         0.954440                0                0                0
11        10.471165         1.047735         1.047411         0.000110        10.000000         0.052379         0.000052        10.000000        23.528835         0.954735                0                0                0
17        10.532409         1.047411         1.049651         0.000062        10.000000         0.038416         0.000038        10.000000        23.467591         0.952698                0                0                0
num_beats: 200  target_rate: 170  window_size: 6
TAG      ACTUAL_RATE      X_HAT_MINUS            X_HAT          P_MINUS                H                K                P          SPEEDUP            ERROR         WORKLOAD         LOWER_ID         UPPER_ID  LOW_STATE_ITERS
7        10.382622         0.200000         1.038178         1.000010        10.000000         0.099990         0.000100        10.000000        23.617378         0.963226                0                0                0
15        10.472381         1.038178         1.042924         0.000110        10.000000         0.052379         0.000052        10.000000        23.527619         0.958843                0                0                0
num_beats: 200  target_rate: 170  window_size: 8
TAG      ACTUAL_RATE      X_HAT_MINUS            X_HAT          P_MINUS                H                K                P          SPEEDUP            ERROR         WORKLOAD         LOWER_ID         UPPER_ID  LOW_STATE_ITERS
1         9.726045         0.200000         0.972527         1.000010        10.000000         0.099990         0.000100        10.000000        26.273955         1.028249                0                0                0
3        10.468209         0.972527         1.011441         0.000110        10.000000         0.052379         0.000052        10.000000        25.531791         0.988688                0                0                0
5        10.468085         1.011441         1.025028         0.000062        10.000000         0.038416         0.000038        10.000000        25.531915         0.975583                0                0                0
7        10.438176         1.025028         1.031157         0.000048        10.000000         0.032622         0.000033        10.000000        25.561824         0.969784                0                0                0
9        10.447361         1.031157         1.035215         0.000043        10.000000         0.029884         0.000030        10.000000        25.552639         0.965983                0                0                0
11        10.450941         1.035215         1.038032         0.000040        10.000000         0.028512         0.000029        10.000000        25.549059         0.963361                0                0                0
13        10.454818         1.038032         1.040103         0.000039        10.000000         0.027804         0.000028        10.000000        25.545182         0.961443                0                0                0
15        10.483120         1.040103         1.042355         0.000038        10.000000         0.027433         0.000027        10.000000        25.516880         0.959366                0                0                0
17        10.447525         1.042355         1.043008         0.000037        10.000000         0.027237         0.000027        10.000000        25.552475         0.958765                0                0                0
19        10.478996         1.043008         1.044335         0.000037        10.000000         0.027134         0.000027        10.000000        25.521004         0.957547                0                0                0
num_beats: 200  target_rate: 180  window_size: 2
TAG      ACTUAL_RATE      X_HAT_MINUS            X_HAT          P_MINUS                H                K                P          SPEEDUP            ERROR         WORKLOAD         LOWER_ID         UPPER_ID  LOW_STATE_ITERS
3        10.471128         0.200000         1.047028         1.000010        10.000000         0.099990         0.000100        10.000000        25.528872         0.955084                0                0                0
7        10.442579         1.047028         1.045577         0.000110        10.000000         0.052379         0.000052        10.000000        25.557421         0.956410                0                0                0
11        10.458395         1.045577         1.045678         0.000062        10.000000         0.038416         0.000038        10.000000        25.541605         0.956317                0                0                0
15        10.460440         1.045678         1.045797         0.000048        10.000000         0.032622         0.000033        10.000000        25.539560         0.956208                0                0                0
19        10.446310         1.045797         1.045449         0.000043        10.000000         0.029884         0.000030        10.000000        25.553690         0.956527                0                0                0
num_beats: 200  target_rate: 180  window_size: 4
TAG      ACTUAL_RATE      X_HAT_MINUS            X_HAT          P_MINUS                H                K                P          SPEEDUP            ERROR         WORKLOAD         LOWER_ID         UPPER_ID  LOW_STATE_ITERS
5        10.373315         0.200000         1.037248         1.000010        10.000000         0.099990         0.000100        10.000000        25.626685         0.964090                0                0                0
11        10.460637         1.037248         1.041865         0.000110        10.000000         0.052379         0.000052        10.000000        25.539363         0.959817                0                0                0
17        10.489379         1.041865         1.044582         0.000062        10.000000         0.038416         0.000038        10.000000        25.510621         0.957320                0                0                0
num_beats: 200  target_rate: 180  window_size: 6
TAG      ACTUAL_RATE      X_HAT_MINUS            X_HAT          P_MINUS                H                K                P          SPEEDUP            ERROR         WORKLOAD         LOWER_ID         UPPER_ID  LOW_STATE_ITERS
7        10.360646         0.200000         1.035981         1.000010        10.000000         0.099990         0.000100        10.000000        25.639354         0.965269                0                0                0
15        10.433756         1.035981         1.039854         0.000110        10.000000         0.052379         0.000052        10.000000        25.566244         0.961673                0                0                0
num_beats: 200  target_rate: 180  window_size: 8
TAG      ACTUAL_RATE      X_HAT_MINUS            X_HAT          P_MINUS                H                K                P          SPEEDUP            ERROR         WORKLOAD         LOWER_ID         UPPER_ID  LOW_STATE_ITERS
1         9.737064         0.200000         0.973629         1.000010        10.000000         0.099990         0.000100        10.000000        28.262936         1.027085                0                0                0
3        10.534185         0.973629         1.015422         0.000110        10.000000         0.052379         0.000052        10.000000        27.465815         0.984813                0                0                0
5        10.443208         1.015422         1.026523         0.000062        10.000000         0.038416         0.000038        10.000000        27.556792         0.974162                0                0                0
7        10.450127         1.026523         1.032555         0.000048        10.000000         0.032622         0.000033        10.000000        27.549873         0.968471                0                0                0
9        10.441414         1.032555         1.036017         0.000043        10.000000         0.029884         0.000030        10.000000        27.558586         0.965235                0                0                0
11        10.432198         1.036017         1.038071         0.000040        10.000000         0.028512         0.000029        10.000000        27.567802         0.963325                0                0                0
13        10.552420         1.038071         1.042845         0.000039        10.000000         0.027804         0.000028        10.000000        27.447580         0.958915                0                0                0
15        10.465746         1.042845         1.043868         0.000038        10.000000         0.027433         0.000027        10.000000        27.534254         0.957975                0                0                0
17        10.458406         1.043868         1.044406         0.000037        10.000000         0.027237         0.000027        10.000000        27.541594         0.957482                0                0                0
19        10.457873         1.044406         1.044780         0.000037        10.000000         0.027134         0.000027        10.000000        27.542127         0.957139                0                0                0
num_beats: 200  target_rate: 190  window_size: 2
TAG      ACTUAL_RATE      X_HAT_MINUS            X_HAT          P_MINUS                H                K                P          SPEEDUP            ERROR         WORKLOAD         LOWER_ID         UPPER_ID  LOW_STATE_ITERS
3        10.452893         0.200000         1.045205         1.000010        10.000000         0.099990         0.000100        10.000000        27.547107         0.956750                0                0                0
7        10.440015         1.045205         1.044575         0.000110        10.000000         0.052379         0.000052        10.000000        27.559985         0.957328                0                0                0
11        10.468531         1.044575         1.045450         0.000062        10.000000         0.038416         0.000038        10.000000        27.531469         0.956526                0                0                0
15        10.475992         1.045450         1.046151         0.000048        10.000000         0.032622         0.000033        10.000000        27.524008         0.955885                0                0                0
19        10.450002         1.046151         1.045807         0.000043        10.000000         0.029884         0.000030        10.000000        27.549998         0.956199                0                0                0
num_beats: 200  target_rate: 190  window_size: 4
TAG      ACTUAL_RATE      X_HAT_MINUS            X_HAT          P_MINUS                H                K                P          SPEEDUP            ERROR         WORKLOAD         LOWER_ID         UPPER_ID  LOW_STATE_ITERS
5        10.463670         0.200000         1.046282         1.000010        10.000000         0.099990         0.000100        10.000000        27.536330         0.955765                0                0                0
11        10.470179         1.046282         1.046668         0.000110        10.000000         0.052379         0.000052        10.000000        27.529821         0.955413                0                0                0
17        10.460120         1.046668         1.046416         0.000062        10.000000         0.038416         0.000038        10.000000        27.539880         0.955643                0                0                0
num_beats: 200  target_rate: 190  window_size: 6
TAG      ACTUAL_RATE      X_HAT_MINUS            X_HAT          P_MINUS                H                K                P          SPEEDUP            ERROR         WORKLOAD         LOWER_ID         UPPER_ID  LOW_STATE_ITERS
7        10.370525         0.200000         1.036969         1.000010        10.000000         0.099990         0.000100        10.000000        27.629475         0.964349                0                0                0
15        10.468963         1.036969         1.042169         0.000110        10.000000         0.052379         0.000052        10.000000        27.531037         0.959538                0                0                0
num_beats: 200  target_rate: 190  window_size: 8
TAG      ACTUAL_RATE      X_HAT_MINUS            X_HAT          P_MINUS                H                K                P          SPEEDUP            ERROR         WORKLOAD         LOWER_ID         UPPER_ID  LOW_STATE_ITERS
1         9.702965         0.200000         0.970219         1.000010        10.000000         0.099990         0.000100        10.000000        10.297035         1.030695                0                0                0
3        10.432556         0.970219         1.008475         0.000110        10.000000         0.052379         0.000052        10.000000         9.567444         0.991596                0                0                0
5        10.451642         1.008475         1.022569         0.000062        10.000000         0.038416         0.000038        10.000000         9.548358         0.977929                0                0                0
7        10.452232         1.022569         1.029959         0.000048        10.000000         0.032622         0.000033        10.000000         9.547768         0.970912                0                0                0
9        10.435804         1.029959         1.034030         0.000043        10.000000         0.029884         0.000030        10.000000         9.564196         0.967090                0                0                0
11        10.433772         1.034030         1.036695         0.000040        10.000000         0.028512         0.000029        10.000000         9.566228         0.964604                0                0                0
13        10.456307         1.036695         1.039180         0.000039        10.000000         0.027804         0.000028        10.000000         9.543693         0.962298                0                0                0
15        10.465504         1.039180         1.041202         0.000038        10.000000         0.027433         0.000027        10.000000         9.534496         0.960429                0                0                0
17        10.436215         1.041202         1.041861         0.000037        10.000000         0.027237         0.000027        10.000000         9.563785         0.959821                0                0                0
19        10.447625         1.041861         1.042648         0.000037        10.000000         0.027134         0.000027        10.000000         9.552375         0.959096                0                0                0
21        10.442631         1.042648         1.043085         0.000037        10.000000         0.027078         0.000027        10.000000         9.557369         0.958694                0                0                0
num_beats: 220  target_rate: 100  window_size: 2
TAG      ACTUAL_RATE      X_HAT_MINUS            X_HAT          P_MINUS                H                K                P          SPEEDUP            ERROR         WORKLOAD         LOWER_ID         UPPER_ID  LOW_STATE_ITERS
3        10.304125         0.200000         1.030330         1.000010        10.000000         0.099990         0.000100        10.000000         9.695875         0.970563                0                0                0
7        10.458718         1.030330         1.038470         0.000110        10.000000         0.052379         0.000052        10.000000         9.541282         0.962955                0                0                0
11        10.463158         1.038470         1.041484         0.000062        10.000000         0.038416         0.000038        10.000000         9.536842         0.960168                0                0                0
15        10.449223         1.041484         1.042606         0.000048        10.000000         0.032622         0.000033        10.000000         9.550777         0.959135                0                0                0
19        10.466153         1.042606         1.043804         0.000043        10.000000         0.029884         0.000030        10.000000         9.533847         0.958034                0                0                0
num_beats: 220  target_rate: 100  window_size: 4
TAG      ACTUAL_RATE      X_HAT_MINUS            X_HAT          P_MINUS                H                K                P          SPEEDUP            ERROR         WORKLOAD         LOWER_ID         UPPER_ID  LOW_STATE_ITERS
5         9.755356         0.200000         0.975458         1.000010        10.000000         0.099990         0.000100        10.000000        10.244644         1.025159                0                0                0
11        10.457614         0.975458         1.012282         0.000110        10.000000         0.052379         0.000052        10.000000         9.542386         0.987867                0                0                0
17        10.460841         1.012282         1.025267         0.000062        10.000000         0.038416         0.000038        10.000000         9.539159         0.975355                0                0                0
num_beats: 220  target_rate: 100  window_size: 6
TAG      ACTUAL_RATE      X_HAT_MINUS            X_HAT          P_MINUS                H                K                P          SPEEDUP            ERROR         WORKLOAD         LOWER_ID         UPPER_ID  LOW_STATE_ITERS
7        10.247186         0.200000         1.024636         1.000010        10.000000         0.099990         0.000100        10.000000         9.752814         0.975956                0                0                0
15        10.476782         1.024636         1.036705         0.000110        10.000000         0.052379         0.000052        10.000000         9.523218         0.964594                0                0                0
num_beats: 220  target_rate: 100  window_size: 8
TAG      ACTUAL_RATE      X_HAT_MINUS            X_HAT          P_MINUS                H                K                P          SPEEDUP            ERROR         WORKLOAD         LOWER_ID         UPPER_ID  LOW_STATE_ITERS
1        10.146359         0.200000         1.014554         1.000010        10.000000         0.099990         0.000100        10.000000        11.853641         0.985654                0                0                0
3        10.437706         1.014554         1.029857         0.000110        10.000000         0.052379         0.000052        10.000000        11.562294         0.971008                0                0                0
5        10.481064         1.029857         1.036868         0.000062        10.000000         0.038416         0.000038        10.000000        11.518936         0.964443                0                0                0
7        10.447825         1.036868         1.039450         0.000048        10.000000         0.032622         0.000033        10.000000        11.552175         0.962047                0                0                0
9        10.453500         1.039450         1.041213         0.000043        10.000000         0.029884         0.000030        10.000000        11.546500         0.960418                0                0                0
11        10.446522         1.041213         1.042194         0.000040        10.000000         0.028512         0.000029        10.000000        11.553478         0.959515                0                0                0
13        10.450145         1.042194         1.042978         0.000039        10.000000         0.027804         0.000028        10.000000        11.549855         0.958793                0                0                0
15        10.491398         1.042978         1.044668         0.000038        10.000000         0.027433         0.000027        10.000000        11.508602         0.957242                0                0                0
17        10.439611         1.044668         1.044476         0.000037        10.000000         0.027237         0.000027        10.000000        11.560389         0.957418                0                0                0
19        10.433053         1.044476         1.044158         0.000037        10.000000         0.027134         0.000027        10.000000        11.566947         0.957709                0                0                0
21        10.464477         1.044158         1.044778         0.000037        10.000000         0.027078         0.000027        10.000000        11.535523         0.957141                0                0                0
num_beats: 220  target_rate: 110  window_size: 2
TAG      ACTUAL_RATE      X_HAT_MINUS            X_HAT          P_MINUS                H                K                P          SPEEDUP            ERROR         WORKLOAD         LOWER_ID         UPPER_ID  LOW_STATE_ITERS
3        10.066895         0.200000         1.006609         1.000010        10.000000         0.099990         0.000100        10.000000        11.933105         0.993435                0                0                0
7        10.428356         1.006609         1.025584         0.000110        10.000000         0.052379         0.000052        10.000000        11.571644         0.975054                0                0                0
11        10.447550         1.025584         1.032949         0.000062        10.000000         0.038416         0.000038        10.000000        11.552450         0.968102                0                0                0
15        10.434253         1.032949         1.036366         0.000048        10.000000         0.032622         0.000033        10.000000        11.565747         0.964910                0                0                0
19        10.451863         1.036366         1.039002         0.000043        10.000000         0.029884         0.000030        10.000000        11.548137         0.962462                0                0                0
num_beats: 220  target_rate: 110  window_size: 4
TAG      ACTUAL_RATE      X_HAT_MINUS            X_HAT          P_MINUS                H                K                P          SPEEDUP            ERROR         WORKLOAD         LOWER_ID         UPPER_ID  LOW_STATE_ITERS
5        10.191653         0.200000         1.019083         1.000010        10.000000         0.099990         0.000100        10.000000        11.808347         0.981274                0                0                0
11        10.469196         1.019083         1.033664         0.000110        10.000000         0.052379         0.000052        10.000000        11.530804         0.967433                0                0                0
17        10.461124         1.033664         1.038446         0.000062        10.000000         0.038416         0.000038        10.000000        11.538876         0.962977                0                0                0
num_beats: 220  target_rate: 110  window_size: 6
TAG      ACTUAL_RATE      X_HAT_MINUS            X_HAT          P_MINUS                H                K                P          SPEEDUP            ERROR         WORKLOAD         LOWER_ID         UPPER_ID  LOW_STATE_ITERS
7        10.458558         0.200000         1.045771         1.000010        10.000000         0.099990         0.000100        10.000000        11.541442         0.956232                0                0                0
15        10.454297         1.045771         1.045592         0.000110        10.000000         0.052379         0.000052        10.000000        11.545703         0.956396                0                0                0
num_beats: 220  target_rate: 110  window_size: 8
TAG      ACTUAL_RATE      X_HAT_MINUS            X_HAT          P_MINUS                H                K                P          SPEEDUP            ERROR         WORKLOAD         LOWER_ID         UPPER_ID  LOW_STATE_ITERS
1         9.917833         0.200000         0.991704         1.000010        10.000000         0.099990         0.000100        10.000000        14.082167         1.008365                0                0                0
3        10.437731         0.991704         1.018977         0.000110        10.000000         0.052379         0.000052        10.000000        13.562269         0.981376                0                0                0
5        10.439917         1.018977         1.028587         0.000062        10.000000         0.038416         0.000038        10.000000        13.560083         0.972208                0                0                0
7        10.457305         1.028587         1.034179         0.000048        10.000000         0.032622         0.000033        10.000000        13.542695         0.966950                0                0                0
9        10.447570         1.034179         1.037340         0.000043        10.000000         0.029884         0.000030        10.000000        13.552430         0.964004                0                0                0
11        10.453290         1.037340         1.039618         0.000040        10.000000         0.028512         0.000029        10.000000        13.546710         0.961892                0                0                0
13        10.434443         1.039618         1.040682         0.000039        10.000000         0.027804         0.000028        10.000000        13.565557         0.960908                0                0                0
15        10.436167         1.040682         1.041487         0.000038        10.000000         0.027433         0.000027        10.000000        13.563833         0.960166                0                0                0
17        10.450013         1.041487         1.042444         0.000037        10.000000         0.027237         0.000027        10.000000        13.549987         0.959284                0                0                0
19        10.439967         1.042444         1.042865         0.000037        10.000000         0.027134         0.000027        10.000000        13.560033         0.958896                0                0                0
21        10.471870         1.042865         1.044036         0.000037        10.000000         0.027078         0.000027        10.000000        13.528130         0.957822                0                0                0
num_beats: 220  target_rate: 120  window_size: 2
TAG      ACTUAL_RATE      X_HAT_MINUS            X_HAT          P_MINUS                H                K                P          SPEEDUP            ERROR         WORKLOAD         LOWER_ID         UPPER_ID  LOW_STATE_ITERS
3        10.278755         0.200000         1.027793         1.000010        10.000000         0.099990         0.000100        10.000000        13.721245         0.972959                0                0                0
7        10.456654         1.027793         1.037154         0.000110        10.000000         0.052379         0.000052        10.000000        13.543346         0.964177                0                0                0
11        10.445454         1.037154         1.039994         0.000062        10.000000         0.038416         0.000038        10.000000        13.554546         0.961544                0                0                0
15        10.447650         1.039994         1.041550         0.000048        10.000000         0.032622         0.000033        10.000000        13.552350         0.960107                0                0                0
19        10.443302         1.041550         1.042381         0.000043        10.000000         0.029884         0.000030        10.000000        13.556698         0.959342                0                0                0
num_beats: 220  target_rate: 120  window_size: 4
TAG      ACTUAL_RATE      X_HAT_MINUS            X_HAT          P_MINUS                H                K                P          SPEEDUP            ERROR         WORKLOAD         LOWER_ID         UPPER_ID  LOW_STATE_ITERS
5        10.314443         0.200000         1.031361         1.000010        10.000000         0.099990         0.000100        10.000000        13.685557         0.969592                0                0                0
11        10.448645         1.031361         1.038434         0.000110        10.000000         0.052379         0.000052        10.000000        13.551355         0.962989                0                0                0
17        10.445362         1.038434         1.040778         0.000062        10.000000         0.038416         0.000038        10.000000        13.554638         0.960820                0                0                0
num_beats: 220  target_rate: 120  window_size: 6
TAG      ACTUAL_RATE      X_HAT_MINUS            X_HAT          P_MINUS                H                K                P          SPEEDUP            ERROR         WORKLOAD         LOWER_ID         UPPER_ID  LOW_STATE_ITERS
7        10.457759         0.200000         1.045691         1.000010        10.000000         0.099990         0.000100        10.000000        13.542241         0.956305                0                0                0
15        10.477237         1.045691         1.046756         0.000110        10.000000         0.052379         0.000052        10.000000        13.522763         0.955333                0                0                0
num_beats: 220  target_rate: 120  window_size: 8
TAG      ACTUAL_RATE      X_HAT_MINUS            X_HAT          P_MINUS                H                K                P          SPEEDUP            ERROR         WORKLOAD         LOWER_ID         UPPER_ID  LOW_STATE_ITERS
1         9.983338         0.200000         0.998254         1.000010        10.000000         0.099990         0.000100        10.000000        16.016662         1.001749                0                0                0
3        10.448855         0.998254         1.022679         0.000110        10.000000         0.052379         0.000052        10.000000        15.551145         0.977824                0                0                0
5        10.439810         1.022679         1.030862         0.000062        10.000000         0.038416         0.000038        10.000000        15.560190         0.970062                0                0                0
7        10.435811         1.030862         1.035011         0.000048        10.000000         0.032622         0.000033        10.000000        15.564189         0.966173                0                0                0
9        10.456141         1.035011         1.038180         0.000043        10.000000         0.029884         0.000030        10.000000        15.543859         0.963224                0                0                0
11        10.459497         1.038180         1.040395         0.000040        10.000000         0.028512         0.000029        10.000000        15.540503         0.961173                0                0                0
13        10.473954         1.040395         1.042342         0.000039        10.000000         0.027804         0.000028        10.000000        15.526046         0.959378                0                0                0
15        10.459867         1.042342         1.043342         0.000038        10.000000         0.027433         0.000027        10.000000        15.540133         0.958459                0                0                0
17        10.446120         1.043342         1.043688         0.000037        10.000000         0.027237         0.000027        10.000000        15.553880         0.958141                0                0                0
19        10.456510         1.043688         1.044220         0.000037        10.000000         0.027134         0.000027        10.000000        15.543490         0.957652                0                0                0
21        10.475309         1.044220         1.045117         0.000037        10.000000         0.027078         0.000027        10.000000        15.524691         0.956831                0                0                0
num_beats: 220  target_rate: 130  window_size: 2
TAG      ACTUAL_RATE      X_HAT_MINUS            X_HAT          P_MINUS                H                K                P          SPEEDUP            ERROR         WORKLOAD         LOWER_ID         UPPER_ID  LOW_STATE_ITERS
3        10.036804         0.200000         1.003600         1.000010        10.000000         0.099990         0.000100        10.000000        15.963196         0.996413                0                0                0
7        10.443129         1.003600         1.024925         0.000110        10.000000         0.052379         0.000052        10.000000        15.556871         0.975681                0                0                0
11        10.457793         1.024925         1.032936         0.000062        10.000000         0.038416         0.000038        10.000000        15.542207         0.968114                0                0                0
15        10.443224         1.032936         1.036651         0.000048        10.000000         0.032622         0.000033        10.000000        15.556776         0.964645                0                0                0
19        10.459492         1.036651         1.039429         0.000043        10.000000         0.029884         0.000030        10.000000        15.540508         0.962066                0                0                0
num_beats: 220  target_rate: 130  window_size: 4
TAG      ACTUAL_RATE      X_HAT_MINUS            X_HAT          P_MINUS                H                K                P          SPEEDUP            ERROR         WORKLOAD         LOWER_ID         UPPER_ID  LOW_STATE_ITERS
5        10.304716         0.200000         1.030389         1.000010        10.000000         0.099990         0.000100        10.000000        15.695284         0.970508                0                0                0
11        10.450442         1.030389         1.038065         0.000110        10.000000         0.052379         0.000052        10.000000        15.549558         0.963331                0                0                0
17        10.449700         1.038065         1.040718         0.000062        10.000000         0.038416         0.000038        10.000000        15.550300         0.960875                0                0                0
num_beats: 220  target_rate: 130  window_size: 6
TAG      ACTUAL_RATE      X_HAT_MINUS            X_HAT          P_MINUS                H                K                P          SPEEDUP            ERROR         WORKLOAD         LOWER_ID         UPPER_ID  LOW_STATE_ITERS
7        10.337590         0.200000         1.033676         1.000010        10.000000         0.099990         0.000100        10.000000        15.662410         0.967422                0                0                0
15        10.452989         1.033676         1.039764         0.000110        10.000000         0.052379         0.000052        10.000000        15.547011         0.961757                0                0                0
num_beats: 220  target_rate: 130  window_size: 8
TAG      ACTUAL_RATE      X_HAT_MINUS            X_HAT          P_MINUS                H                K                P          SPEEDUP            ERROR         WORKLOAD         LOWER_ID         UPPER_ID  LOW_STATE_ITERS
1        10.139894         0.200000         1.013908         1.000010        10.000000         0.099990         0.000100        10.000000        17.860106         0.986283                0                0                0
3        10.456752         1.013908         1.030547         0.000110        10.000000         0.052379         0.000052        10.000000        17.543248         0.970358                0                0                0
5        10.432377         1.030547         1.035422         0.000062        10.000000         0.038416         0.000038        10.000000        17.567623         0.965789                0                0                0
7        10.436866         1.035422         1.038118         0.000048        10.000000         0.032622         0.000033        10.000000        17.563134         0.963281                0                0                0
9        10.426768         1.038118         1.039481         0.000043        10.000000         0.029884         0.000030        10.000000        17.573232         0.962019                0                0                0
11        10.467042         1.039481         1.041540         0.000040        10.000000         0.028512         0.000029        10.000000        17.532958         0.960117                0                0                0
13        10.434752         1.041540         1.042078         0.000039        10.000000         0.027804         0.000028        10.000000        17.565248         0.959621                0                0                0
15        10.430616         1.042078         1.042348         0.000038        10.000000         0.027433         0.000027        10.000000        17.569384         0.959373                0                0                0
17        10.431092         1.042348         1.042555         0.000037        10.000000         0.027237         0.000027        10.000000        17.568908         0.959182                0                0                0
19        10.447716         1.042555         1.043157         0.000037        10.000000         0.027134         0.000027        10.000000        17.552284         0.958629                0                0                0
21        10.479961         1.043157         1.044467         0.000037        10.000000         0.027078         0.000027        10.000000        17.520039         0.957426                0                0                0
num_beats: 220  target_rate: 140  window_size: 2
TAG      ACTUAL_RATE      X_HAT_MINUS            X_HAT          P_MINUS                H                K                P          SPEEDUP            ERROR         WORKLOAD         LOWER_ID         UPPER_ID  LOW_STATE_ITERS
3         9.104956         0.200000         0.910425         1.000010        10.000000         0.099990         0.000100        10.000000        18.895044         1.098389                0                0                0
7        10.432463         0.910425         0.979995         0.000110        10.000000         0.052379         0.000052        10.000000        17.567537         1.020414                0                0                0
11        10.466133         0.979995         1.005587         0.000062        10.000000         0.038416         0.000038        10.000000        17.533867         0.994444                0                0                0
15        10.444631         1.005587         1.018269         0.000048        10.000000         0.032622         0.000033        10.000000        17.555369         0.982059                0                0                0
19        10.452241         1.018269         1.026324         0.000043        10.000000         0.029884         0.000030        10.000000        17.547759         0.974351                0                0                0
num_beats: 220  target_rate: 140  window_size: 4
TAG      ACTUAL_RATE      X_HAT_MINUS            X_HAT          P_MINUS                H                K                P          SPEEDUP            ERROR         WORKLOAD         LOWER_ID         UPPER_ID  LOW_STATE_ITERS
5        10.461601         0.200000         1.046075         1.000010        10.000000         0.099990         0.000100        10.000000        17.538399         0.955954                0                0                0
11        10.447156         1.046075         1.045363         0.000110        10.000000         0.052379         0.000052        10.000000        17.552844         0.956605                0                0                0
17        10.442875         1.045363         1.044950         0.000062        10.000000         0.038416         0.000038        10.000000        17.557125         0.956984                0                0                0
num_beats: 220  target_rate: 140  window_size: 6
