TAG      ACTUAL_RATE      X_HAT_MINUS            X_HAT          P_MINUS                H                K                P          SPEEDUP            ERROR         WORKLOAD         LOWER_ID         UPPER_ID  LOW_STATE_ITERS
1         8.037090         0.200000         0.803649         1.000010        10.000000         0.099990         0.000100        10.000000         1.962910         1.244325                0                0                0
3        10.445379         0.803649         0.929823         0.000110        10.000000         0.052379         0.000052         9.521007        -0.445379         1.075473               -1               -1               -1
5        10.442674         0.929823         0.990138         0.000062         9.521007         0.037938         0.000040         9.073924        -0.442674         1.009960               -1               -1               -1
7        10.461563         0.990138         1.037508         0.000050         9.073924         0.032069         0.000035         8.629047        -0.461563         0.963848               -1               -1               -1
9        10.443556         1.037508         1.081116         0.000045         8.629047         0.029250         0.000034         8.218771        -0.443556         0.924970               -1               -1               -1
id:  0  freq: 10000  core: 1
TAG      ACTUAL_RATE      X_HAT_MINUS            X_HAT          P_MINUS                H                K                P          SPEEDUP            ERROR         WORKLOAD         LOWER_ID         UPPER_ID  LOW_STATE_ITERS
1         9.651393         0.200000         0.965063         1.000010        10.000000         0.099990         0.000100        10.000000         0.348607         1.036202                0                0                0
3        10.448230         0.965063         1.006840         0.000110        10.000000         0.052379         0.000052         9.554815        -0.448230         0.993206               -1               -1               -1
5        10.350198         1.006840         1.034563         0.000062         9.554815         0.037975         0.000040         9.216317        -0.350198         0.966592               -1               -1               -1
7        10.440235         1.034563         1.063742         0.000050         9.216317         0.032229         0.000035         8.802462        -0.440235         0.940078               -1               -1               -1
9        10.430219         1.063742         1.095055         0.000045         8.802462         0.029355         0.000033         8.409587        -0.430219         0.913196               -1               -1               -1
id:  0  freq: 10000  core: 2
TAG      ACTUAL_RATE      X_HAT_MINUS            X_HAT          P_MINUS                H                K                P          SPEEDUP            ERROR         WORKLOAD         LOWER_ID         UPPER_ID  LOW_STATE_ITERS
1        10.448128         0.200000         1.044728         1.000010        10.000000         0.099990         0.000100         9.571058        -0.448128         0.957187               -1               -1               -1
3        10.458278         1.044728         1.068804         0.000110         9.571058         0.052438         0.000055         9.142282        -0.458278         0.935626               -1               -1               -1
5        10.446659         1.068804         1.094753         0.000065         9.142282         0.038424         0.000042         8.734282        -0.446659         0.913448               -1               -1               -1
7        10.493118         1.094753         1.125048         0.000052         8.734282         0.032531         0.000037         8.295974        -0.493118         0.888851               -1               -1               -1
9        10.475853         1.125048         1.158839         0.000047         8.295974         0.029577         0.000036         7.885345        -0.475853         0.862932               -1               -1               -1
id:  0  freq: 10000  core: 3
TAG      ACTUAL_RATE      X_HAT_MINUS            X_HAT          P_MINUS                H                K                P          SPEEDUP            ERROR         WORKLOAD         LOWER_ID         UPPER_ID  LOW_STATE_ITERS
1        10.462370         0.200000         1.046152         1.000010        10.000000         0.099990         0.000100         9.558028        -0.462370         0.955884               -1               -1               -1
3        10.434502         1.046152         1.068981         0.000110         9.558028         0.052438         0.000055         9.151564        -0.434502         0.935470               -1               -1               -1
5        10.443347         1.068981         1.094387         0.000065         9.151564         0.038464         0.000042         8.746454        -0.443347         0.913754               -1               -1               -1
7        10.445854         1.094387         1.122832         0.000052         8.746454         0.032552         0.000037         8.349375        -0.445854         0.890605               -1               -1               -1
9        10.515543         1.122832         1.156662         0.000047         8.349375         0.029660         0.000036         7.903659        -0.515543         0.864557               -1               -1               -1
id:  0  freq: 10000  core: 4
TAG      ACTUAL_RATE      X_HAT_MINUS            X_HAT          P_MINUS                H                K                P          SPEEDUP            ERROR         WORKLOAD         LOWER_ID         UPPER_ID  LOW_STATE_ITERS
1         9.778639         0.200000         0.977786         1.000010        10.000000         0.099990         0.000100        10.000000         0.221361         1.022719                0                0                0
3        10.513573         0.977786         1.016322         0.000110        10.000000         0.052379         0.000052         9.494675        -0.513573         0.983940               -1               -1               -1
5        10.458164         1.016322         1.046972         0.000062         9.494675         0.037909         0.000040         9.057066        -0.458164         0.955135               -1               -1               -1
7        10.437352         1.046972         1.077604         0.000050         9.057066         0.032080         0.000035         8.651210        -0.437352         0.927985               -1               -1               -1
9        10.438037         1.077604         1.110315         0.000045         8.651210         0.029325         0.000034         8.256693        -0.438037         0.900645               -1               -1               -1
id:  0  freq: 11000  core: 1
TAG      ACTUAL_RATE      X_HAT_MINUS            X_HAT          P_MINUS                H                K                P          SPEEDUP            ERROR         WORKLOAD         LOWER_ID         UPPER_ID  LOW_STATE_ITERS
1         8.068065         0.200000         0.806746         1.000010        10.000000         0.099990         0.000100        10.000000         1.931935         1.239548                0                0                0
3        10.473798         0.806746         0.932787         0.000110        10.000000         0.052379         0.000052         9.492062        -0.473798         1.072056               -1               -1               -1
5        10.457173         0.932787         0.993554         0.000062         9.492062         0.037906         0.000040         9.031922        -0.457173         1.006488               -1               -1               -1
7        10.432887         0.993554         1.040316         0.000050         9.031922         0.032046         0.000035         8.615811        -0.432887         0.961247               -1               -1               -1
9        10.437919         1.040316         1.083519         0.000045         8.615811         0.029295         0.000034         8.211647        -0.437919         0.922919               -1               -1               -1
id:  0  freq: 11000  core: 2
TAG      ACTUAL_RATE      X_HAT_MINUS            X_HAT          P_MINUS                H                K                P          SPEEDUP            ERROR         WORKLOAD         LOWER_ID         UPPER_ID  LOW_STATE_ITERS
1        10.467058         0.200000         1.046621         1.000010        10.000000         0.099990         0.000100         9.553747        -0.467058         0.955456               -1               -1               -1
3        10.440766         1.046621         1.069778         0.000110         9.553747         0.052438         0.000055         9.141730        -0.440766         0.934773               -1               -1               -1
5        10.463305         1.069778         1.096074         0.000065         9.141730         0.038462         0.000042         8.719035        -0.463305         0.912347               -1               -1               -1
7        10.450097         1.096074         1.125133         0.000052         8.719035         0.032526         0.000037         8.318996        -0.450097         0.888784               -1               -1               -1
9        10.436964         1.125133         1.157062         0.000047         8.318996         0.029647         0.000036         7.941346        -0.436964         0.864258               -1               -1               -1
id:  0  freq: 11000  core: 3
TAG      ACTUAL_RATE      X_HAT_MINUS            X_HAT          P_MINUS                H                K                P          SPEEDUP            ERROR         WORKLOAD         LOWER_ID         UPPER_ID  LOW_STATE_ITERS
1         9.786632         0.200000         0.978585         1.000010        10.000000         0.099990         0.000100        10.000000         0.213368         1.021883                0                0                0
3        10.441321         0.978585         1.012918         0.000110        10.000000         0.052379         0.000052         9.564308        -0.441321         0.987247               -1               -1               -1
5        10.454538         1.012918         1.042041         0.000062         9.564308         0.037986         0.000040         9.128108        -0.454538         0.959655               -1               -1               -1
7        10.454693         1.042041         1.072295         0.000050         9.128108         0.032089         0.000035         8.704071        -0.454693         0.932579               -1               -1               -1
9        10.440060         1.072295         1.104705         0.000045         8.704071         0.029284         0.000034         8.305720        -0.440060         0.905219               -1               -1               -1
id:  0  freq: 11000  core: 4
TAG      ACTUAL_RATE      X_HAT_MINUS            X_HAT          P_MINUS                H                K                P          SPEEDUP            ERROR         WORKLOAD         LOWER_ID         UPPER_ID  LOW_STATE_ITERS
1         9.626750         0.200000         0.962599         1.000010        10.000000         0.099990         0.000100        10.000000         0.373250         1.038854                0                0                0
3        10.451727         0.962599         1.005850         0.000110        10.000000         0.052379         0.000052         9.550901        -0.451727         0.994184               -1               -1               -1
5        10.458258         1.005850         1.038182         0.000062         9.550901         0.037971         0.000040         9.109497        -0.458258         0.963223               -1               -1               -1
7        10.431464         1.038182         1.069433         0.000050         9.109497         0.032080         0.000035         8.706046        -0.431464         0.935075               -1               -1               -1
9        10.428948         1.069433         1.102222         0.000045         8.706046         0.029318         0.000034         8.316879        -0.428948         0.907258               -1               -1               -1
id:  0  freq: 12000  core: 1
TAG      ACTUAL_RATE      X_HAT_MINUS            X_HAT          P_MINUS                H                K                P          SPEEDUP            ERROR         WORKLOAD         LOWER_ID         UPPER_ID  LOW_STATE_ITERS
1        10.455262         0.200000         1.045442         1.000010        10.000000         0.099990         0.000100         9.564527        -0.455262         0.956534               -1               -1               -1
3        10.430990         1.045442         1.068086         0.000110         9.564527         0.052438         0.000055         9.161011        -0.430990         0.936254               -1               -1               -1
5        10.436914         1.068086         1.093170         0.000065         9.161011         0.038462         0.000042         8.761334        -0.436914         0.914771               -1               -1               -1
7        10.459281         1.093170         1.121872         0.000052         8.761334         0.032555         0.000037         8.351946        -0.459281         0.891368               -1               -1               -1
9        10.427072         1.121872         1.153205         0.000047         8.351946         0.029637         0.000035         7.981612        -0.427072         0.867148               -1               -1               -1
id:  0  freq: 12000  core: 2
TAG      ACTUAL_RATE      X_HAT_MINUS            X_HAT          P_MINUS                H                K                P          SPEEDUP            ERROR         WORKLOAD         LOWER_ID         UPPER_ID  LOW_STATE_ITERS
1         9.798169         0.200000         0.979739         1.000010        10.000000         0.099990         0.000100        10.000000         0.201831         1.020680                0                0                0
3        10.428955         0.979739         1.012819         0.000110        10.000000         0.052379         0.000052         9.576475        -0.428955         0.987343               -1               -1               -1
5        10.452560         1.012819         1.041445         0.000062         9.576475         0.037999         0.000040         9.141925        -0.452560         0.960205               -1               -1               -1
7        10.448880         1.041445         1.071228         0.000050         9.141925         0.032092         0.000035         8.722892        -0.448880         0.933508               -1               -1               -1
9        10.435273         1.071228         1.103187         0.000045         8.722892         0.029291         0.000034         8.328332        -0.435273         0.906464               -1               -1               -1
id:  0  freq: 12000  core: 3
TAG      ACTUAL_RATE      X_HAT_MINUS            X_HAT          P_MINUS                H                K                P          SPEEDUP            ERROR         WORKLOAD         LOWER_ID         UPPER_ID  LOW_STATE_ITERS
1         9.709894         0.200000         0.970912         1.000010        10.000000         0.099990         0.000100        10.000000         0.290106         1.029959                0                0                0
3        10.444901         0.970912         1.009451         0.000110        10.000000         0.052379         0.000052         9.559264        -0.444901         0.990637               -1               -1               -1
5        10.448971         1.009451         1.039811         0.000062         9.559264         0.037980         0.000040         9.127483        -0.448971         0.961713               -1               -1               -1
7        10.468775         1.039811         1.071197         0.000050         9.127483         0.032095         0.000035         8.689865        -0.468775         0.933535               -1               -1               -1
9        10.450040         1.071197         1.104603         0.000045         8.689865         0.029265         0.000034         8.282442        -0.450040         0.905303               -1               -1               -1
id:  0  freq: 12000  core: 4
TAG      ACTUAL_RATE      X_HAT_MINUS            X_HAT          P_MINUS                H                K                P          SPEEDUP            ERROR         WORKLOAD         LOWER_ID         UPPER_ID  LOW_STATE_ITERS
1        10.463681         0.200000         1.046284         1.000010        10.000000         0.099990         0.000100         9.556830        -0.463681         0.955764               -1               -1               -1
3        10.459816         1.046284         1.070440         0.000110         9.556830         0.052438         0.000055         9.127272        -0.459816         0.934196               -1               -1               -1
5        10.452200         1.070440         1.096654         0.000065         9.127272         0.038437         0.000042         8.714926        -0.452200         0.911865               -1               -1               -1
7        10.482277         1.096654         1.126751         0.000052         8.714926         0.032537         0.000037         8.286902        -0.482277         0.887507               -1               -1               -1
9        10.433479         1.126751         1.159202         0.000047         8.286902         0.029603         0.000036         7.912956        -0.433479         0.862662               -1               -1               -1
id:  0  freq: 13000  core: 1
TAG      ACTUAL_RATE      X_HAT_MINUS            X_HAT          P_MINUS                H                K                P          SPEEDUP            ERROR         WORKLOAD         LOWER_ID         UPPER_ID  LOW_STATE_ITERS
1         9.710100         0.200000         0.970933         1.000010        10.000000         0.099990         0.000100        10.000000         0.289900         1.029937                0                0                0
3        10.464423         0.970933         1.010484         0.000110        10.000000         0.052379         0.000052         9.540396        -0.464423         0.989625               -1               -1               -1
5        10.433252         1.010484         1.040580         0.000062         9.540396         0.037960         0.000040         9.124039        -0.433252         0.961003               -1               -1               -1
7        10.431312         1.040580         1.070673         0.000050         9.124039         0.032116         0.000035         8.721197        -0.431312         0.933992               -1               -1               -1
9        10.445304         1.070673         1.103168         0.000045         8.721197         0.029334         0.000034         8.317538        -0.445304         0.906480               -1               -1               -1
id:  0  freq: 13000  core: 2
TAG      ACTUAL_RATE      X_HAT_MINUS            X_HAT          P_MINUS                H                K                P          SPEEDUP            ERROR         WORKLOAD         LOWER_ID         UPPER_ID  LOW_STATE_ITERS
1         8.511359         0.200000         0.851071         1.000010        10.000000         0.099990         0.000100        10.000000         1.488641         1.174990                0                0                0
3        10.439910         0.851071         0.952120         0.000110        10.000000         0.052379         0.000052         9.537967        -0.439910         1.050288               -1               -1               -1
5        10.471104         0.952120         1.004873         0.000062         9.537967         0.037957         0.000040         9.069148        -0.471104         0.995151               -1               -1               -1
7        10.490855         1.004873         1.049006         0.000050         9.069148         0.032038         0.000035         8.601224        -0.490855         0.953283               -1               -1               -1
9        10.434573         1.049006         1.090227         0.000045         8.601224         0.029196         0.000034         8.202617        -0.434573         0.917240               -1               -1               -1
id:  0  freq: 13000  core: 3
TAG      ACTUAL_RATE      X_HAT_MINUS            X_HAT          P_MINUS                H                K                P          SPEEDUP            ERROR         WORKLOAD         LOWER_ID         UPPER_ID  LOW_STATE_ITERS
1        10.477813         0.200000         1.047697         1.000010        10.000000         0.099990         0.000100         9.543940        -0.477813         0.954475               -1               -1               -1
3        10.439452         1.047697         1.070785         0.000110         9.543940         0.052438         0.000055         9.133538        -0.439452         0.933894               -1               -1               -1
5        10.446099         1.070785         1.096410         0.000065         9.133538         0.038473         0.000042         8.726665        -0.446099         0.912068               -1               -1               -1
7        10.443472         1.096410         1.124916         0.000052         8.726665         0.032561         0.000037         8.332439        -0.443472         0.888955               -1               -1               -1
9        10.443658         1.124916         1.156679         0.000047         8.332439         0.029675         0.000036         7.948876        -0.443658         0.864544               -1               -1               -1
id:  0  freq: 13000  core: 4
TAG      ACTUAL_RATE      X_HAT_MINUS            X_HAT          P_MINUS                H                K                P          SPEEDUP            ERROR         WORKLOAD         LOWER_ID         UPPER_ID  LOW_STATE_ITERS
1         9.907322         0.200000         0.990653         1.000010        10.000000         0.099990         0.000100        10.000000         0.092678         1.009435                0                0                0
3        10.427788         0.990653         1.017956         0.000110        10.000000         0.052379         0.000052         9.579758        -0.427788         0.982361               -1               -1               -1
5        10.427337         1.017956         1.043629         0.000062         9.579758         0.038002         0.000040         9.170286        -0.427337         0.958195               -1               -1               -1
7        10.439490         1.043629         1.071552         0.000050         9.170286         0.032129         0.000035         8.760142        -0.439490         0.933226               -1               -1               -1
9        10.430965         1.071552         1.102162         0.000045         8.760142         0.029319         0.000033         8.369125        -0.430965         0.907308               -1               -1               -1
id:  0  freq: 14000  core: 1
TAG      ACTUAL_RATE      X_HAT_MINUS            X_HAT          P_MINUS                H                K                P          SPEEDUP            ERROR         WORKLOAD         LOWER_ID         UPPER_ID  LOW_STATE_ITERS
1         9.783119         0.200000         0.978234         1.000010        10.000000         0.099990         0.000100        10.000000         0.216881         1.022250                0                0                0
3        10.430070         0.978234         1.012161         0.000110        10.000000         0.052379         0.000052         9.575098        -0.430070         0.987985               -1               -1               -1
5        10.443579         1.012161         1.040737         0.000062         9.575098         0.037997         0.000040         9.148882        -0.443579         0.960858               -1               -1               -1
7        10.438730         1.040737         1.070181         0.000050         9.148882         0.032104         0.000035         8.738923        -0.438730         0.934421               -1               -1               -1
9        10.431080         1.070181         1.101803         0.000045         8.738923         0.029311         0.000034         8.347673        -0.431080         0.907603               -1               -1               -1
id:  0  freq: 14000  core: 2
TAG      ACTUAL_RATE      X_HAT_MINUS            X_HAT          P_MINUS                H                K                P          SPEEDUP            ERROR         WORKLOAD         LOWER_ID         UPPER_ID  LOW_STATE_ITERS
1         8.181240         0.200000         0.818062         1.000010        10.000000         0.099990         0.000100        10.000000         1.818760         1.222401                0                0                0
3        10.445724         0.818062         0.936705         0.000110        10.000000         0.052379         0.000052         9.524158        -0.445724         1.067572               -1               -1               -1
5        10.429367         0.936705         0.993923         0.000062         9.524158         0.037942         0.000040         9.092165        -0.429367         1.006114               -1               -1               -1
7        10.433772         0.993923         1.038750         0.000050         9.092165         0.032091         0.000035         8.674575        -0.433772         0.962695               -1               -1               -1
9        10.431994         1.038750         1.080399         0.000045         8.674575         0.029304         0.000034         8.274729        -0.431994         0.925584               -1               -1               -1
id:  0  freq: 14000  core: 3
TAG      ACTUAL_RATE      X_HAT_MINUS            X_HAT          P_MINUS                H                K                P          SPEEDUP            ERROR         WORKLOAD         LOWER_ID         UPPER_ID  LOW_STATE_ITERS
1        10.465000         0.200000         1.046415         1.000010        10.000000         0.099990         0.000100         9.555626        -0.465000         0.955643               -1               -1               -1
3        10.438121         1.046415         1.069434         0.000110         9.555626         0.052438         0.000055         9.145950        -0.438121         0.935074               -1               -1               -1
5        10.448955         1.069434         1.095126         0.000065         9.145950         0.038463         0.000042         8.735992        -0.448955         0.913137               -1               -1               -1
7        10.428499         1.095126         1.123163         0.000052         8.735992         0.032545         0.000037         8.354481        -0.428499         0.890342               -1               -1               -1
9        10.432735         1.123163         1.154314         0.000047         8.354481         0.029687         0.000036         7.979596        -0.432735         0.866316               -1               -1               -1
id:  0  freq: 14000  core: 4
TAG      ACTUAL_RATE      X_HAT_MINUS            X_HAT          P_MINUS                H                K                P          SPEEDUP            ERROR         WORKLOAD         LOWER_ID         UPPER_ID  LOW_STATE_ITERS
1         9.729376         0.200000         0.972860         1.000010        10.000000         0.099990         0.000100        10.000000         0.270624         1.027897                0                0                0
3        10.445708         0.972860         1.010421         0.000110        10.000000         0.052379         0.000052         9.558889        -0.445708         0.989686               -1               -1               -1
5        10.452858         1.010421         1.040591         0.000062         9.558889         0.037980         0.000040         9.123696        -0.452858         0.960993               -1               -1               -1
7        10.473494         1.040591         1.072021         0.000050         9.123696         0.032090         0.000035         8.682012        -0.473494         0.932817               -1               -1               -1
9        10.477516         1.072021         1.106258         0.000045         8.682012         0.029257         0.000034         8.250363        -0.477516         0.903948               -1               -1               -1
id:  0  freq: 15000  core: 1
TAG      ACTUAL_RATE      X_HAT_MINUS            X_HAT          P_MINUS                H                K                P          SPEEDUP            ERROR         WORKLOAD         LOWER_ID         UPPER_ID  LOW_STATE_ITERS
1         9.802745         0.200000         0.980196         1.000010        10.000000         0.099990         0.000100        10.000000         0.197255         1.020204                0                0                0
3        10.460026         0.980196         1.014665         0.000110        10.000000         0.052379         0.000052         9.546623        -0.460026         0.985547               -1               -1               -1
5        10.529898         1.014665         1.046681         0.000062         9.546623         0.037966         0.000040         9.040358        -0.529898         0.955401               -1               -1               -1
7        10.485155         1.046681         1.079394         0.000050         9.040358         0.031984         0.000035         8.590887        -0.485155         0.926446               -1               -1               -1
9        10.465783         1.079394         1.114229         0.000045         8.590887         0.029204         0.000034         8.172856        -0.465783         0.897482               -1               -1               -1
id:  0  freq: 15000  core: 2
TAG      ACTUAL_RATE      X_HAT_MINUS            X_HAT          P_MINUS                H                K                P          SPEEDUP            ERROR         WORKLOAD         LOWER_ID         UPPER_ID  LOW_STATE_ITERS
1        10.452088         0.200000         1.045124         1.000010        10.000000         0.099990         0.000100         9.567431        -0.452088         0.956824               -1               -1               -1
3        10.447745         1.045124         1.068647         0.000110         9.567431         0.052438         0.000055         9.148448        -0.447745         0.935762               -1               -1               -1
5        10.506226         1.068647         1.096699         0.000065         9.148448         0.038440         0.000042         8.686858        -0.506226         0.911827               -1               -1               -1
7        10.460635         1.096699         1.126999         0.000052         8.686858         0.032450         0.000037         8.278131        -0.460635         0.887312               -1               -1               -1
9        10.433937         1.126999         1.159688         0.000047         8.278131         0.029597         0.000036         7.903946        -0.433937         0.862301               -1               -1               -1
id:  0  freq: 15000  core: 3
TAG      ACTUAL_RATE      X_HAT_MINUS            X_HAT          P_MINUS                H                K                P          SPEEDUP            ERROR         WORKLOAD         LOWER_ID         UPPER_ID  LOW_STATE_ITERS
1        10.484514         0.200000         1.048367         1.000010        10.000000         0.099990         0.000100         9.537839        -0.484514         0.953865               -1               -1               -1
3        10.449001         1.048367         1.071956         0.000110         9.537839         0.052438         0.000055         9.118978        -0.449001         0.932874               -1               -1               -1
5        10.441795         1.071956         1.097601         0.000065         9.118978         0.038468         0.000042         8.716468        -0.441795         0.911078               -1               -1               -1
7        10.448958         1.097601         1.126322         0.000052         8.716468         0.032572         0.000037         8.317863        -0.448958         0.887846               -1               -1               -1
9        10.440864         1.126322         1.158142         0.000047         8.317863         0.029675         0.000036         7.937197        -0.440864         0.863452               -1               -1               -1
id:  0  freq: 15000  core: 4
TAG      ACTUAL_RATE      X_HAT_MINUS            X_HAT          P_MINUS                H                K                P          SPEEDUP            ERROR         WORKLOAD         LOWER_ID         UPPER_ID  LOW_STATE_ITERS
1        10.473259         0.200000         1.047241         1.000010        10.000000         0.099990         0.000100         9.548090        -0.473259         0.954890               -1               -1               -1
3        10.453759         1.047241         1.071080         0.000110         9.548090         0.052438         0.000055         9.124443        -0.453759         0.933637               -1               -1               -1
5        10.460038         1.071080         1.097498         0.000065         9.124443         0.038452         0.000042         8.705274        -0.460038         0.911164               -1               -1               -1
7        10.448253         1.097498         1.126592         0.000052         8.705274         0.032535         0.000037         8.307390        -0.448253         0.887633               -1               -1               -1
9        10.459775         1.126592         1.159238         0.000047         8.307390         0.029659         0.000036         7.910772        -0.459775         0.862635               -1               -1               -1
id:  0  freq: 16000  core: 1
TAG      ACTUAL_RATE      X_HAT_MINUS            X_HAT          P_MINUS                H                K                P          SPEEDUP            ERROR         WORKLOAD         LOWER_ID         UPPER_ID  LOW_STATE_ITERS
1         9.765232         0.200000         0.976446         1.000010        10.000000         0.099990         0.000100        10.000000         0.234768         1.024123                0                0                0
3        10.478506         0.976446         1.013847         0.000110        10.000000         0.052379         0.000052         9.528029        -0.478506         0.986343               -1               -1               -1
5        10.469373         1.013847         1.044561         0.000062         9.528029         0.037946         0.000040         9.078679        -0.469373         0.957340               -1               -1               -1
7        10.437674         1.044561         1.075166         0.000050         9.078679         0.032066         0.000035         8.671603        -0.437674         0.930089               -1               -1               -1
9        10.438432         1.075166         1.107848         0.000045         8.671603         0.029311         0.000034         8.275852        -0.438432         0.902651               -1               -1               -1
id:  0  freq: 16000  core: 2
TAG      ACTUAL_RATE      X_HAT_MINUS            X_HAT          P_MINUS                H                K                P          SPEEDUP            ERROR         WORKLOAD         LOWER_ID         UPPER_ID  LOW_STATE_ITERS
1         9.626843         0.200000         0.962608         1.000010        10.000000         0.099990         0.000100        10.000000         0.373157         1.038844                0                0                0
3        10.460222         0.962608         1.006299         0.000110        10.000000         0.052379         0.000052         9.542659        -0.460222         0.993740               -1               -1               -1
5        10.434931         1.006299         1.037890         0.000062         9.542659         0.037962         0.000040         9.123606        -0.434931         0.963493               -1               -1               -1
7        10.452054         1.037890         1.069448         0.000050         9.123606         0.032112         0.000035         8.700907        -0.452054         0.935062               -1               -1               -1
9        10.457722         1.069448         1.103218         0.000045         8.700907         0.029300         0.000034         8.286010        -0.457722         0.906439               -1               -1               -1
id:  0  freq: 16000  core: 3
TAG      ACTUAL_RATE      X_HAT_MINUS            X_HAT          P_MINUS                H                K                P          SPEEDUP            ERROR         WORKLOAD         LOWER_ID         UPPER_ID  LOW_STATE_ITERS
1        10.463061         0.200000         1.046221         1.000010        10.000000         0.099990         0.000100         9.557397        -0.463061         0.955821               -1               -1               -1
3        10.437050         1.046221         1.069184         0.000110         9.557397         0.052438         0.000055         9.148627        -0.437050         0.935293               -1               -1               -1
5        10.476873         1.069184         1.095927         0.000065         9.148627         0.038462         0.000042         8.713495        -0.476873         0.912470               -1               -1               -1
7        10.457230         1.095927         1.125436         0.000052         8.713495         0.032503         0.000037         8.307226        -0.457230         0.888545               -1               -1               -1
9        10.465150         1.125436         1.158494         0.000047         8.307226         0.029625         0.000036         7.905713        -0.465150         0.863190               -1               -1               -1
id:  0  freq: 16000  core: 4
TAG      ACTUAL_RATE      X_HAT_MINUS            X_HAT          P_MINUS                H                K                P          SPEEDUP            ERROR         WORKLOAD         LOWER_ID         UPPER_ID  LOW_STATE_ITERS
1         9.907861         0.200000         0.990707         1.000010        10.000000         0.099990         0.000100        10.000000         0.092139         1.009380                0                0                0
3        10.458447         0.990707         1.019587         0.000110        10.000000         0.052379         0.000052         9.550361        -0.458447         0.980789               -1               -1               -1
5        10.448619         1.019587         1.046592         0.000062         9.550361         0.037970         0.000040         9.121713        -0.448619         0.955482               -1               -1               -1
7        10.435196         1.046592         1.075111         0.000050         9.121713         0.032099         0.000035         8.716921        -0.435196         0.930137               -1               -1               -1
9        10.436834         1.075111         1.106345         0.000045         8.716921         0.029323         0.000034         8.322076        -0.436834         0.903877               -1               -1               -1
id:  0  freq: 17000  core: 1
TAG      ACTUAL_RATE      X_HAT_MINUS            X_HAT          P_MINUS                H                K                P          SPEEDUP            ERROR         WORKLOAD         LOWER_ID         UPPER_ID  LOW_STATE_ITERS
1         8.419937         0.200000         0.841930         1.000010        10.000000         0.099990         0.000100        10.000000         1.580063         1.187748                0                0                0
3        10.457216         0.841930         0.948673         0.000110        10.000000         0.052379         0.000052         9.518046        -0.457216         1.054104               -1               -1               -1
5        10.445772         0.948673         1.002399         0.000062         9.518046         0.037935         0.000040         9.073341        -0.445772         0.997607               -1               -1               -1
7        10.431688         1.002399         1.045266         0.000050         9.073341         0.032072         0.000035         8.660348        -0.431688         0.956694               -1               -1               -1
9        10.505487         1.045266         1.087850         0.000045         8.660348         0.029305         0.000034         8.195682        -0.505487         0.919244               -1               -1               -1
id:  0  freq: 17000  core: 2
TAG      ACTUAL_RATE      X_HAT_MINUS            X_HAT          P_MINUS                H                K                P          SPEEDUP            ERROR         WORKLOAD         LOWER_ID         UPPER_ID  LOW_STATE_ITERS
1        10.483021         0.200000         1.048217         1.000010        10.000000         0.099990         0.000100         9.539197        -0.483021         0.954001               -1               -1               -1
3        10.456711         1.048217         1.072211         0.000110         9.539197         0.052438         0.000055         9.113245        -0.456711         0.932652               -1               -1               -1
5        10.433468         1.072211         1.097676         0.000065         9.113245         0.038458         0.000042         8.718349        -0.433468         0.911016               -1               -1               -1
7        10.454608         1.097676         1.126501         0.000052         8.718349         0.032582         0.000037         8.314791        -0.454608         0.887705               -1               -1               -1
9        10.434307         1.126501         1.158180         0.000047         8.314791         0.029671         0.000036         7.939800        -0.434307         0.863423               -1               -1               -1
id:  0  freq: 17000  core: 3
TAG      ACTUAL_RATE      X_HAT_MINUS            X_HAT          P_MINUS                H                K                P          SPEEDUP            ERROR         WORKLOAD         LOWER_ID         UPPER_ID  LOW_STATE_ITERS
1         9.846298         0.200000         0.984551         1.000010        10.000000         0.099990         0.000100        10.000000         0.153702         1.015691                0                0                0
3        10.486202         0.984551         1.018110         0.000110        10.000000         0.052379         0.000052         9.522446        -0.486202         0.982212               -1               -1               -1
5        10.444497         1.018110         1.046550         0.000062         9.522446         0.037940         0.000040         9.097720        -0.444497         0.955521               -1               -1               -1
7        10.437672         1.046550         1.075970         0.000050         9.097720         0.032102         0.000035         8.690950        -0.437672         0.929394               -1               -1               -1
9        10.435841         1.075970         1.107778         0.000045         8.690950         0.029326         0.000034         8.297514        -0.435841         0.902708               -1               -1               -1
id:  0  freq: 17000  core: 4
TAG      ACTUAL_RATE      X_HAT_MINUS            X_HAT          P_MINUS                H                K                P          SPEEDUP            ERROR         WORKLOAD         LOWER_ID         UPPER_ID  LOW_STATE_ITERS
1         9.727405         0.200000         0.972663         1.000010        10.000000         0.099990         0.000100        10.000000         0.272595         1.028105                0                0                0
3        10.473213         0.972663         1.011768         0.000110        10.000000         0.052379         0.000052         9.532291        -0.473213         0.988369               -1               -1               -1
5        10.476002         1.011768         1.043325         0.000062         9.532291         0.037951         0.000040         9.076056        -0.476002         0.958474               -1               -1               -1
7        10.524848         1.043325         1.077163         0.000050         9.076056         0.032057         0.000035         8.588805        -0.524848         0.928364               -1               -1               -1
9        10.444231         1.077163         1.111956         0.000045         8.588805         0.029172         0.000034         8.189301        -0.444231         0.899316               -1               -1               -1
id:  0  freq: 18000  core: 1
TAG      ACTUAL_RATE      X_HAT_MINUS            X_HAT          P_MINUS                H                K                P          SPEEDUP            ERROR         WORKLOAD         LOWER_ID         UPPER_ID  LOW_STATE_ITERS
1        10.468264         0.200000         1.046742         1.000010        10.000000         0.099990         0.000100         9.552646        -0.468264         0.955346               -1               -1               -1
3        10.452002         1.046742         1.070488         0.000110         9.552646         0.052438         0.000055         9.130407        -0.452002         0.934153               -1               -1               -1
5        10.427457         1.070488         1.095614         0.000065         9.130407         0.038450         0.000042         8.740254        -0.427457         0.912730               -1               -1               -1
7        10.484663         1.095614         1.125218         0.000052         8.740254         0.032578         0.000037         8.309526        -0.484663         0.888717               -1               -1               -1
9        10.441153         1.125218         1.157532         0.000047         8.309526         0.029615         0.000036         7.928412        -0.441153         0.863907               -1               -1               -1
id:  0  freq: 18000  core: 2
TAG      ACTUAL_RATE      X_HAT_MINUS            X_HAT          P_MINUS                H                K                P          SPEEDUP            ERROR         WORKLOAD         LOWER_ID         UPPER_ID  LOW_STATE_ITERS
1         9.892373         0.200000         0.989158         1.000010        10.000000         0.099990         0.000100        10.000000         0.107627         1.010960                0                0                0
3        10.466433         0.989158         1.019268         0.000110        10.000000         0.052379         0.000052         9.542385        -0.466433         0.981096               -1               -1               -1
5        10.468503         1.019268         1.047446         0.000062         9.542385         0.037962         0.000040         9.095103        -0.468503         0.954704               -1               -1               -1
7        10.449913         1.047446         1.077056         0.000050         9.095103         0.032071         0.000035         8.677378        -0.449913         0.928457               -1               -1               -1
9        10.445204         1.077056         1.109253         0.000045         8.677378         0.029292         0.000034         8.276024        -0.445204         0.901507               -1               -1               -1
id:  0  freq: 18000  core: 3
TAG      ACTUAL_RATE      X_HAT_MINUS            X_HAT          P_MINUS                H                K                P          SPEEDUP            ERROR         WORKLOAD         LOWER_ID         UPPER_ID  LOW_STATE_ITERS
1         9.757639         0.200000         0.975686         1.000010        10.000000         0.099990         0.000100        10.000000         0.242361         1.024920                0                0                0
3        10.447418         0.975686         1.011857         0.000110        10.000000         0.052379         0.000052         9.557825        -0.447418         0.988282               -1               -1               -1
5        10.445067         1.011857         1.041249         0.000062         9.557825         0.037979         0.000040         9.130389        -0.445067         0.960385               -1               -1               -1
7        10.434443         1.041249         1.071021         0.000050         9.130389         0.032101         0.000035         8.724754        -0.434443         0.933689               -1               -1               -1
9        10.497244         1.071021         1.104823         0.000045         8.724754         0.029321         0.000034         8.274687        -0.497244         0.905122               -1               -1               -1
id:  0  freq: 18000  core: 4
TAG      ACTUAL_RATE      X_HAT_MINUS            X_HAT          P_MINUS                H                K                P          SPEEDUP            ERROR         WORKLOAD         LOWER_ID         UPPER_ID  LOW_STATE_ITERS
1        10.460607         0.200000         1.045976         1.000010        10.000000         0.099990         0.000100         9.559639        -0.460607         0.956045               -1               -1               -1
3        10.430183         1.045976         1.068578         0.000110         9.559639         0.052438         0.000055         9.157064        -0.430183         0.935823               -1               -1               -1
5        10.429653         1.068578         1.093375         0.000065         9.157064         0.038468         0.000042         8.764104        -0.429653         0.914599               -1               -1               -1
7        10.426544         1.093375         1.120867         0.000052         8.764104         0.032570         0.000037         8.383556        -0.426544         0.892166               -1               -1               -1
9        10.443997         1.120867         1.151963         0.000047         8.383556         0.029696         0.000035         7.998129        -0.443997         0.868083               -1               -1               -1
id:  0  freq: 19000  core: 1
TAG      ACTUAL_RATE      X_HAT_MINUS            X_HAT          P_MINUS                H                K                P          SPEEDUP            ERROR         WORKLOAD         LOWER_ID         UPPER_ID  LOW_STATE_ITERS
1        10.448962         0.200000         1.044812         1.000010        10.000000         0.099990         0.000100         9.570294        -0.448962         0.957110               -1               -1               -1
3        10.429893         1.044812         1.067399         0.000110         9.570294         0.052438         0.000055         9.167546        -0.429893         0.936857               -1               -1               -1
5        10.459844         1.067399         1.093335         0.000065         9.167546         0.038457         0.000042         8.746957        -0.459844         0.914633               -1               -1               -1
7        10.450400         1.093335         1.122178         0.000052         8.746957         0.032516         0.000037         8.345595        -0.450400         0.891124               -1               -1               -1
9        10.437479         1.122178         1.153952         0.000047         8.345595         0.029633         0.000036         7.966481        -0.437479         0.866587               -1               -1               -1
id:  0  freq: 19000  core: 2
TAG      ACTUAL_RATE      X_HAT_MINUS            X_HAT          P_MINUS                H                K                P          SPEEDUP            ERROR         WORKLOAD         LOWER_ID         UPPER_ID  LOW_STATE_ITERS
1        10.450600         0.200000         1.044976         1.000010        10.000000         0.099990         0.000100         9.568794        -0.450600         0.956960               -1               -1               -1
3        10.455219         1.044976         1.068890         0.000110         9.568794         0.052438         0.000055         9.142914        -0.455219         0.935550               -1               -1               -1
5        10.439894         1.068890         1.094528         0.000065         9.142914         0.038430         0.000042         8.741010        -0.439894         0.913636               -1               -1               -1
7        10.435092         1.094528         1.122770         0.000052         8.741010         0.032544         0.000037         8.353494        -0.435092         0.890655               -1               -1               -1
9        10.430185         1.122770         1.153961         0.000047         8.353494         0.029674         0.000036         7.980704        -0.430185         0.866580               -1               -1               -1
id:  0  freq: 19000  core: 3
TAG      ACTUAL_RATE      X_HAT_MINUS            X_HAT          P_MINUS                H                K                P          SPEEDUP            ERROR         WORKLOAD         LOWER_ID         UPPER_ID  LOW_STATE_ITERS
1         9.768828         0.200000         0.976805         1.000010        10.000000         0.099990         0.000100        10.000000         0.231172         1.023746                0                0                0
3        10.439508         0.976805         1.011975         0.000110        10.000000         0.052379         0.000052         9.565692        -0.439508         0.988167               -1               -1               -1
5        10.451542         1.011975         1.041275         0.000062         9.565692         0.037987         0.000040         9.132049        -0.451542         0.960361               -1               -1               -1
7        10.453124         1.041275         1.071575         0.000050         9.132049         0.032093         0.000035         8.709191        -0.453124         0.933206               -1               -1               -1
9        10.466759         1.071575         1.104793         0.000045         8.709191         0.029287         0.000034         8.286705        -0.466759         0.905147               -1               -1               -1
id:  0  freq: 19000  core: 4
TAG      ACTUAL_RATE      X_HAT_MINUS            X_HAT          P_MINUS                H                K                P          SPEEDUP            ERROR         WORKLOAD         LOWER_ID         UPPER_ID  LOW_STATE_ITERS
1         9.751003         0.200000         0.975023         1.000010        10.000000         0.099990         0.000100        10.000000         0.248997         1.025617                0                0                0
3        10.431897         0.975023         1.010728         0.000110        10.000000         0.052379         0.000052         9.572688        -0.431897         0.989386               -1               -1               -1
5        10.435940         1.010728         1.039625         0.000062         9.572688         0.037995         0.000040         9.153363        -0.435940         0.961885               -1               -1               -1
7        10.514810         1.039625         1.071699         0.000050         9.153363         0.032114         0.000035         8.672995        -0.514810         0.933098               -1               -1               -1
9        10.449369         1.071699         1.105410         0.000045         8.672995         0.029199         0.000034         8.266476        -0.449369         0.904642               -1               -1               -1
id:  1  freq: 10000  core: 1
