TAG      ACTUAL_RATE      X_HAT_MINUS            X_HAT          P_MINUS                H                K                P          SPEEDUP            ERROR         WORKLOAD         LOWER_ID         UPPER_ID  LOW_STATE_ITERS
1        10.164676         0.200000         1.016386         1.000010        10.000000         0.099990         0.000100         9.837979        -0.164676         0.983878               -1               -1               -1
3        10.434051         1.016386         1.039178         0.000110         9.837979         0.052412         0.000053         9.420293        -0.434051         0.962299               -1               -1               -1
5        10.437030         1.039178         1.063902         0.000063         9.420293         0.038173         0.000041         9.009512        -0.437030         0.939937               -1               -1               -1
7        10.466953         1.063902         1.092363         0.000051         9.009512         0.032280         0.000036         8.582042        -0.466953         0.915446               -1               -1               -1
9        10.481485         1.092363         1.124908         0.000046         8.582042         0.029405         0.000034         8.154020        -0.481485         0.888961               -1               -1               -1
id:  0  speedup: 1  powerup: 1
TAG      ACTUAL_RATE      X_HAT_MINUS            X_HAT          P_MINUS                H                K                P          SPEEDUP            ERROR         WORKLOAD         LOWER_ID         UPPER_ID  LOW_STATE_ITERS
1         9.757011         0.200000         0.975624         1.000010        10.000000         0.099990         0.000100        10.000000         0.242989         1.024986                0                0                0
3        10.432048         0.975624         1.011022         0.000110        10.000000         0.052379         0.000052         9.572662        -0.432048         0.989098               -1               -1               -1
5        10.463143         1.011022         1.040847         0.000062         9.572662         0.037995         0.000040         9.127694        -0.463143         0.960756               -1               -1               -1
7        10.473974         1.040847         1.072071         0.000050         9.127694         0.032077         0.000035         8.685583        -0.473974         0.932774               -1               -1               -1
9        10.441050         1.072071         1.105107         0.000045         8.685583         0.029248         0.000034         8.286481        -0.441050         0.904890               -1               -1               -1
id:  0  speedup: 1  powerup: 2
TAG      ACTUAL_RATE      X_HAT_MINUS            X_HAT          P_MINUS                H                K                P          SPEEDUP            ERROR         WORKLOAD         LOWER_ID         UPPER_ID  LOW_STATE_ITERS
1        10.445783         0.200000         1.044494         1.000010        10.000000         0.099990         0.000100         9.573206        -0.445783         0.957401               -1               -1               -1
3        10.430002         1.044494         1.067086         0.000110         9.573206         0.052438         0.000055         9.170239        -0.430002         0.937131               -1               -1               -1
5        10.457893         1.067086         1.092945         0.000065         9.170239         0.038454         0.000042         8.751285        -0.457893         0.914959               -1               -1               -1
7        10.507808         1.092945         1.123612         0.000052         8.751285         0.032516         0.000037         8.299343        -0.507808         0.889987               -1               -1               -1
9        10.420946         1.123612         1.155980         0.000047         8.299343         0.029541         0.000036         7.935196        -0.420946         0.865067               -1               -1               -1
id:  0  speedup: 1  powerup: 3
TAG      ACTUAL_RATE      X_HAT_MINUS            X_HAT          P_MINUS                H                K                P          SPEEDUP            ERROR         WORKLOAD         LOWER_ID         UPPER_ID  LOW_STATE_ITERS
1         8.214727         0.200000         0.821411         1.000010        10.000000         0.099990         0.000100        10.000000         1.785273         1.217418                0                0                0
3        10.436869         0.821411         0.937836         0.000110        10.000000         0.052379         0.000052         9.534174        -0.436869         1.066285               -1               -1               -1
5        10.445424         0.937836         0.994914         0.000062         9.534174         0.037953         0.000040         9.086473        -0.445424         1.005112               -1               -1               -1
7        10.438805         0.994914         1.039765         0.000050         9.086473         0.032069         0.000035         8.664450        -0.438805         0.961756               -1               -1               -1
9        10.489770         1.039765         1.083131         0.000045         8.664450         0.029286         0.000034         8.212270        -0.489770         0.923249               -1               -1               -1
id:  0  speedup: 1  powerup: 4
TAG      ACTUAL_RATE      X_HAT_MINUS            X_HAT          P_MINUS                H                K                P          SPEEDUP            ERROR         WORKLOAD         LOWER_ID         UPPER_ID  LOW_STATE_ITERS
1         9.918870         0.200000         0.991808         1.000010        10.000000         0.099990         0.000100        10.000000         0.081130         1.008260                0                0                0
3        10.424703         0.991808         1.018344         0.000110        10.000000         0.052379         0.000052         9.582947        -0.424703         0.981986               -1               -1               -1
5        10.432935         1.018344         1.043968         0.000062         9.582947         0.038006         0.000040         9.168246        -0.432935         0.957884               -1               -1               -1
7        10.434520         1.043968         1.071694         0.000050         9.168246         0.032121         0.000035         8.762794        -0.434520         0.933103               -1               -1               -1
9        10.445926         1.071694         1.102627         0.000045         8.762794         0.029323         0.000033         8.358372        -0.445926         0.906925               -1               -1               -1
id:  0  speedup: 2  powerup: 1
TAG      ACTUAL_RATE      X_HAT_MINUS            X_HAT          P_MINUS                H                K                P          SPEEDUP            ERROR         WORKLOAD         LOWER_ID         UPPER_ID  LOW_STATE_ITERS
1        10.513764         0.200000         1.051291         1.000010        10.000000         0.099990         0.000100         9.511302        -0.513764         0.951211               -1               -1               -1
3        10.546018         1.051291         1.079968         0.000110         9.511302         0.052438         0.000055         9.005714        -0.546018         0.925953               -1               -1               -1
5        10.494644         1.079968         1.109474         0.000065         9.005714         0.038382         0.000043         8.559878        -0.494644         0.901328               -1               -1               -1
7        10.481549         1.109474         1.141481         0.000053         8.559878         0.032508         0.000038         8.138014        -0.481549         0.876055               -1               -1               -1
9        10.557730         1.141481         1.179061         0.000048         8.138014         0.029629         0.000036         7.664985        -0.557730         0.848132               -1               -1               -1
id:  0  speedup: 2  powerup: 2
TAG      ACTUAL_RATE      X_HAT_MINUS            X_HAT          P_MINUS                H                K                P          SPEEDUP            ERROR         WORKLOAD         LOWER_ID         UPPER_ID  LOW_STATE_ITERS
1        10.522151         0.200000         1.052130         1.000010        10.000000         0.099990         0.000100         9.503720        -0.522151         0.950453               -1               -1               -1
3        10.498642         1.052130         1.078322         0.000110         9.503720         0.052438         0.000055         9.041296        -0.498642         0.927367               -1               -1               -1
5        10.485345         1.078322         1.106614         0.000065         9.041296         0.038445         0.000043         8.602710        -0.485345         0.903657               -1               -1               -1
7        10.465910         1.106614         1.137394         0.000053         8.602710         0.032536         0.000038         8.193080        -0.465910         0.879202               -1               -1               -1
9        10.491666         1.137394         1.172182         0.000048         8.193080         0.029659         0.000036         7.773635        -0.491666         0.853110               -1               -1               -1
id:  0  speedup: 2  powerup: 3
TAG      ACTUAL_RATE      X_HAT_MINUS            X_HAT          P_MINUS                H                K                P          SPEEDUP            ERROR         WORKLOAD         LOWER_ID         UPPER_ID  LOW_STATE_ITERS
1         9.790956         0.200000         0.979018         1.000010        10.000000         0.099990         0.000100        10.000000         0.209044         1.021432                0                0                0
3        10.495064         0.979018         1.015939         0.000110        10.000000         0.052379         0.000052         9.512703        -0.495064         0.984311               -1               -1               -1
5        10.510528         1.015939         1.048034         0.000062         9.512703         0.037929         0.000040         9.025575        -0.510528         0.954167               -1               -1               -1
7        10.477470         1.048034         1.080630         0.000050         9.025575         0.032008         0.000035         8.583731        -0.477470         0.925386               -1               -1               -1
9        10.523016         1.080630         1.117089         0.000045         8.583731         0.029233         0.000034         8.115535        -0.523016         0.895184               -1               -1               -1
id:  0  speedup: 2  powerup: 4
TAG      ACTUAL_RATE      X_HAT_MINUS            X_HAT          P_MINUS                H                K                P          SPEEDUP            ERROR         WORKLOAD         LOWER_ID         UPPER_ID  LOW_STATE_ITERS
1        10.467124         0.200000         1.046628         1.000010        10.000000         0.099990         0.000100         9.553686        -0.467124         0.955450               -1               -1               -1
3        10.429353         1.046628         1.069187         0.000110         9.553686         0.052438         0.000055         9.152116        -0.429353         0.935290               -1               -1               -1
5        10.430840         1.069187         1.094023         0.000065         9.152116         0.038475         0.000042         8.758303        -0.430840         0.914058               -1               -1               -1
7        10.428046         1.094023         1.121589         0.000052         8.758303         0.032574         0.000037         8.376661        -0.428046         0.891592               -1               -1               -1
9        10.467033         1.121589         1.153421         0.000047         8.376661         0.029697         0.000035         7.971749        -0.467033         0.866986               -1               -1               -1
id:  0  speedup: 3  powerup: 1
TAG      ACTUAL_RATE      X_HAT_MINUS            X_HAT          P_MINUS                H                K                P          SPEEDUP            ERROR         WORKLOAD         LOWER_ID         UPPER_ID  LOW_STATE_ITERS
1         9.701290         0.200000         0.970052         1.000010        10.000000         0.099990         0.000100        10.000000         0.298710         1.030873                0                0                0
3        10.433565         0.970052         1.008448         0.000110        10.000000         0.052379         0.000052         9.570067        -0.433565         0.991623               -1               -1               -1
5        10.447141         1.008448         1.038698         0.000062         9.570067         0.037992         0.000040         9.139585        -0.447141         0.962744               -1               -1               -1
7        10.431894         1.038698         1.068826         0.000050         9.139585         0.032097         0.000035         8.735502        -0.431894         0.935606               -1               -1               -1
9        10.438401         1.068826         1.101126         0.000045         8.735502         0.029319         0.000034         8.337363        -0.438401         0.908161               -1               -1               -1
id:  0  speedup: 3  powerup: 2
TAG      ACTUAL_RATE      X_HAT_MINUS            X_HAT          P_MINUS                H                K                P          SPEEDUP            ERROR         WORKLOAD         LOWER_ID         UPPER_ID  LOW_STATE_ITERS
1        10.455897         0.200000         1.045505         1.000010        10.000000         0.099990         0.000100         9.563945        -0.455897         0.956475               -1               -1               -1
3        10.423205         1.045505         1.067741         0.000110         9.563945         0.052438         0.000055         9.167590        -0.423205         0.936556               -1               -1               -1
5        10.430296         1.067741         1.092428         0.000065         9.167590         0.038471         0.000042         8.773700        -0.430296         0.915392               -1               -1               -1
7        10.446640         1.092428         1.120499         0.000052         8.773700         0.032565         0.000037         8.375092        -0.446640         0.892459               -1               -1               -1
9        10.428322         1.120499         1.151464         0.000047         8.375092         0.029659         0.000035         8.003112        -0.428322         0.868459               -1               -1               -1
id:  0  speedup: 3  powerup: 3
TAG      ACTUAL_RATE      X_HAT_MINUS            X_HAT          P_MINUS                H                K                P          SPEEDUP            ERROR         WORKLOAD         LOWER_ID         UPPER_ID  LOW_STATE_ITERS
1         9.839617         0.200000         0.983883         1.000010        10.000000         0.099990         0.000100        10.000000         0.160383         1.016381                0                0                0
3        10.461538         0.983883         1.016500         0.000110        10.000000         0.052379         0.000052         9.545954        -0.461538         0.983768               -1               -1               -1
5        10.467282         1.016500         1.045499         0.000062         9.545954         0.037966         0.000040         9.099008        -0.467282         0.956481               -1               -1               -1
7        10.461745         1.045499         1.075926         0.000050         9.099008         0.032071         0.000035         8.669847        -0.461745         0.929432               -1               -1               -1
9        10.452605         1.075926         1.108843         0.000045         8.669847         0.029273         0.000034         8.261669        -0.452605         0.901841               -1               -1               -1
id:  0  speedup: 3  powerup: 4
TAG      ACTUAL_RATE      X_HAT_MINUS            X_HAT          P_MINUS                H                K                P          SPEEDUP            ERROR         WORKLOAD         LOWER_ID         UPPER_ID  LOW_STATE_ITERS
1         8.654127         0.200000         0.865346         1.000010        10.000000         0.099990         0.000100        10.000000         1.345873         1.155607                0                0                0
3        10.429294         0.865346         0.958362         0.000110        10.000000         0.052379         0.000052         9.552054        -0.429294         1.043447               -1               -1               -1
5        10.445947         0.958362         1.007408         0.000062         9.552054         0.037972         0.000040         9.109386        -0.445947         0.992647               -1               -1               -1
7        10.475714         1.007408         1.049073         0.000050         9.109386         0.032078         0.000035         8.655925        -0.475714         0.953223               -1               -1               -1
9        10.452994         1.049073         1.089190         0.000045         8.655925         0.029234         0.000034         8.240025        -0.452994         0.918113               -1               -1               -1
id:  0  speedup: 4  powerup: 1
TAG      ACTUAL_RATE      X_HAT_MINUS            X_HAT          P_MINUS                H                K                P          SPEEDUP            ERROR         WORKLOAD         LOWER_ID         UPPER_ID  LOW_STATE_ITERS
1        10.444681         0.200000         1.044384         1.000010        10.000000         0.099990         0.000100         9.574217        -0.444681         0.957503               -1               -1               -1
3        10.433808         1.044384         1.067176         0.000110         9.574217         0.052438         0.000055         9.167716        -0.433808         0.937053               -1               -1               -1
5        10.456200         1.067176         1.093038         0.000065         9.167716         0.038449         0.000042         8.750347        -0.456200         0.914881               -1               -1               -1
7        10.434933         1.093038         1.121343         0.000052         8.750347         0.032517         0.000037         8.362478        -0.434933         0.891788               -1               -1               -1
9        10.438725         1.121343         1.152825         0.000047         8.362478         0.029657         0.000035         7.981913        -0.438725         0.867435               -1               -1               -1
id:  0  speedup: 4  powerup: 2
TAG      ACTUAL_RATE      X_HAT_MINUS            X_HAT          P_MINUS                H                K                P          SPEEDUP            ERROR         WORKLOAD         LOWER_ID         UPPER_ID  LOW_STATE_ITERS
1         9.848615         0.200000         0.984783         1.000010        10.000000         0.099990         0.000100        10.000000         0.151385         1.015452                0                0                0
3        10.433838         0.984783         1.015477         0.000110        10.000000         0.052379         0.000052         9.572775        -0.433838         0.984759               -1               -1               -1
5        10.441153         1.015477         1.042842         0.000062         9.572775         0.037995         0.000040         9.149746        -0.441153         0.958918               -1               -1               -1
7        10.436751         1.042842         1.071579         0.000050         9.149746         0.032108         0.000035         8.742169        -0.436751         0.933202               -1               -1               -1
9        10.487843         1.071579         1.104412         0.000045         8.742169         0.029317         0.000034         8.300448        -0.487843         0.905459               -1               -1               -1
id:  0  speedup: 4  powerup: 3
TAG      ACTUAL_RATE      X_HAT_MINUS            X_HAT          P_MINUS                H                K                P          SPEEDUP            ERROR         WORKLOAD         LOWER_ID         UPPER_ID  LOW_STATE_ITERS
1         8.416843         0.200000         0.841620         1.000010        10.000000         0.099990         0.000100        10.000000         1.583157         1.188185                0                0                0
3        10.462498         0.841620         0.948802         0.000110        10.000000         0.052379         0.000052         9.512546        -0.462498         1.053960               -1               -1               -1
5        10.431579         0.948802         1.002132         0.000062         9.512546         0.037929         0.000040         9.081885        -0.431579         0.997872               -1               -1               -1
7        10.462210         1.002132         1.045809         0.000050         9.081885         0.032092         0.000035         8.639921        -0.462210         0.956198               -1               -1               -1
9        10.465239         1.045809         1.087646         0.000045         8.639921         0.029266         0.000034         8.212172        -0.465239         0.919417               -1               -1               -1
id:  0  speedup: 4  powerup: 4
TAG      ACTUAL_RATE      X_HAT_MINUS            X_HAT          P_MINUS                H                K                P          SPEEDUP            ERROR         WORKLOAD         LOWER_ID         UPPER_ID  LOW_STATE_ITERS
1        10.444863         0.200000         1.044402         1.000010        10.000000         0.099990         0.000100         9.574050        -0.444863         0.957486               -1               -1               -1
3        10.426128         1.044402         1.066791         0.000110         9.574050         0.052438         0.000055         9.174602        -0.426128         0.937391               -1               -1               -1
5        10.432715         1.066791         1.091609         0.000065         9.174602         0.038458         0.000042         8.778201        -0.432715         0.916079               -1               -1               -1
7        10.436372         1.091609         1.119408         0.000052         8.778201         0.032552         0.000037         8.388378        -0.436372         0.893329               -1               -1               -1
9        10.480371         1.119408         1.151755         0.000047         8.388378         0.029666         0.000035         7.971301        -0.480371         0.868240               -1               -1               -1
id:  0  speedup: 5  powerup: 1
TAG      ACTUAL_RATE      X_HAT_MINUS            X_HAT          P_MINUS                H                K                P          SPEEDUP            ERROR         WORKLOAD         LOWER_ID         UPPER_ID  LOW_STATE_ITERS
1         9.700859         0.200000         0.970009         1.000010        10.000000         0.099990         0.000100        10.000000         0.299141         1.030918                0                0                0
3        10.443236         0.970009         1.008934         0.000110        10.000000         0.052379         0.000052         9.560689        -0.443236         0.991145               -1               -1               -1
5        10.445020         1.008934         1.039278         0.000062         9.560689         0.037982         0.000040         9.132489        -0.445020         0.962206               -1               -1               -1
7        10.437048         1.039278         1.069640         0.000050         9.132489         0.032100         0.000035         8.723895        -0.437048         0.934894               -1               -1               -1
9        10.468124         1.069640         1.102962         0.000045         8.723895         0.029315         0.000034         8.299471        -0.468124         0.906649               -1               -1               -1
id:  0  speedup: 5  powerup: 2
TAG      ACTUAL_RATE      X_HAT_MINUS            X_HAT          P_MINUS                H                K                P          SPEEDUP            ERROR         WORKLOAD         LOWER_ID         UPPER_ID  LOW_STATE_ITERS
1         9.764704         0.200000         0.976393         1.000010        10.000000         0.099990         0.000100        10.000000         0.235296         1.024178                0                0                0
3        10.470597         0.976393         1.013407         0.000110        10.000000         0.052379         0.000052         9.535629        -0.470597         0.986770               -1               -1               -1
5        10.434291         1.013407         1.042663         0.000062         9.535629         0.037954         0.000040         9.119107        -0.434291         0.959083               -1               -1               -1
7        10.429245         1.042663         1.072244         0.000050         9.119107         0.032115         0.000035         8.718784        -0.429245         0.932624               -1               -1               -1
9        10.433395         1.072244         1.104069         0.000045         8.718784         0.029339         0.000034         8.326240        -0.433395         0.905740               -1               -1               -1
id:  0  speedup: 5  powerup: 3
TAG      ACTUAL_RATE      X_HAT_MINUS            X_HAT          P_MINUS                H                K                P          SPEEDUP            ERROR         WORKLOAD         LOWER_ID         UPPER_ID  LOW_STATE_ITERS
1        10.457285         0.200000         1.045644         1.000010        10.000000         0.099990         0.000100         9.562676        -0.457285         0.956349               -1               -1               -1
3        10.441736         1.045644         1.068852         0.000110         9.562676         0.052438         0.000055         9.149395        -0.441736         0.935583               -1               -1               -1
5        10.450015         1.068852         1.094640         0.000065         9.149395         0.038451         0.000042         8.738287        -0.450015         0.913542               -1               -1               -1
7        10.446004         1.094640         1.123296         0.000052         8.738287         0.032537         0.000037         8.341238        -0.446004         0.890238               -1               -1               -1
9        10.436619         1.123296         1.154935         0.000047         8.341238         0.029654         0.000036         7.963192        -0.436619         0.865850               -1               -1               -1
id:  0  speedup: 5  powerup: 4
