TAG      ACTUAL_RATE      X_HAT_MINUS            X_HAT          P_MINUS                H                K                P          SPEEDUP            ERROR         WORKLOAD         LOWER_ID         UPPER_ID  LOW_STATE_ITERS
1        10.563418         0.200000         6.638987         1.000010         1.585000         0.628413         0.003965         1.500135        -0.563418         0.150625                0                3                0
3        10.470606         6.638987         6.799891         0.003975         1.500135         0.314739         0.002098         1.430927        -0.470606         0.147061                0                3                0
5        10.471253         6.799891         6.956043         0.002108         1.430927         0.210702         0.001472         1.363180        -0.471253         0.143760                1                3                1
7         8.650116         6.956043         6.824185         0.001482         1.363180         0.158442         0.001162         1.560989         1.349884         0.146538                0                3                0
9        10.577254         6.824185         6.813478         0.001172         1.560989         0.142335         0.000912         1.476266        -0.577254         0.146768                0                3                0
id:  0  speedup: 1  powerup: 1
TAG      ACTUAL_RATE      X_HAT_MINUS            X_HAT          P_MINUS                H                K                P          SPEEDUP            ERROR         WORKLOAD         LOWER_ID         UPPER_ID  LOW_STATE_ITERS
1        10.550249         0.200000         6.630711         1.000010         1.585000         0.628413         0.003965         1.502015        -0.550249         0.150813                0                3                0
3        10.473686         6.630711         6.792579         0.003975         1.502015         0.314761         0.002096         1.432279        -0.473686         0.147219                0                3                0
5        10.480403         6.792579         6.950858         0.002106         1.432279         0.210608         0.001470         1.363165        -0.480403         0.143867                1                3                1
7         8.347925         6.950858         6.772450         0.001480         1.363165         0.158269         0.001161         1.585000         1.652075         0.147657                0                3                0
9        10.501408         6.772450         6.739045         0.001171         1.585000         0.143418         0.000905         1.510597        -0.501408         0.148389                0                3                0
id:  0  speedup: 1  powerup: 2
TAG      ACTUAL_RATE      X_HAT_MINUS            X_HAT          P_MINUS                H                K                P          SPEEDUP            ERROR         WORKLOAD         LOWER_ID         UPPER_ID  LOW_STATE_ITERS
1        10.259645         0.200000         6.448092         1.000010         1.585000         0.628413         0.003965         1.544733        -0.259645         0.155085                0                3                0
3        10.533983         6.448092         6.628781         0.003975         1.544733         0.315118         0.002040         1.464178        -0.533983         0.150857                0                3                0
5        10.537973         6.628781         6.802319         0.002050         1.464178         0.208513         0.001424         1.385091        -0.537973         0.147009                0                3                0
7        10.514200         6.802319         6.972485         0.001434         1.385091         0.155777         0.001125         1.311344        -0.514200         0.143421                1                3                1
9         8.737394         6.972485         6.921945         0.001135         1.311344         0.124502         0.000949         1.493750         1.262606         0.144468                0                3                0
id:  0  speedup: 1  powerup: 3
TAG      ACTUAL_RATE      X_HAT_MINUS            X_HAT          P_MINUS                H                K                P          SPEEDUP            ERROR         WORKLOAD         LOWER_ID         UPPER_ID  LOW_STATE_ITERS
1         9.908739         0.200000         6.227577         1.000010         1.585000         0.628413         0.003965         1.585000         0.091261         0.160576                0                3                0
3        10.511184         6.227577         6.429473         0.003975         1.585000         0.315228         0.001989         1.505494        -0.511184         0.155534                0                3                0
5        10.447350         6.429473         6.588487         0.001999         1.505494         0.207098         0.001376         1.437595        -0.447350         0.151780                0                3                0
7        10.571607         6.588487         6.758829         0.001386         1.437595         0.154852         0.001077         1.353023        -0.571607         0.147955                1                3                1
9         8.484500         6.758829         6.677817         0.001087         1.353023         0.122679         0.000907         1.579968         1.515500         0.149750                0                3                0
id:  0  speedup: 1  powerup: 4
TAG      ACTUAL_RATE      X_HAT_MINUS            X_HAT          P_MINUS                H                K                P          SPEEDUP            ERROR         WORKLOAD         LOWER_ID         UPPER_ID  LOW_STATE_ITERS
1         9.831962         0.200000         6.179330         1.000010         1.585000         0.628413         0.003965         1.585000         0.168038         0.161830                0                3                0
3        10.554461         6.179330         6.418974         0.003975         1.585000         0.315228         0.001989         1.498621        -0.554461         0.155788                0                3                0
5        10.486706         6.418974         6.598237         0.001999         1.498621         0.206740         0.001380         1.424858        -0.486706         0.151556                0                3                0
7        10.519446         6.598237         6.770868         0.001390         1.424858         0.154425         0.001084         1.348141        -0.519446         0.147692                1                3                1
9         8.143908         6.770868         6.649809         0.001094         1.348141         0.123006         0.000912         1.585000         1.856092         0.150380                0                3                0
id:  0  speedup: 2  powerup: 1
TAG      ACTUAL_RATE      X_HAT_MINUS            X_HAT          P_MINUS                H                K                P          SPEEDUP            ERROR         WORKLOAD         LOWER_ID         UPPER_ID  LOW_STATE_ITERS
1         9.774447         0.200000         6.143187         1.000010         1.585000         0.628413         0.003965         1.585000         0.225553         0.162782                0                3                0
3        10.468506         6.143187         6.373793         0.003975         1.585000         0.315228         0.001989         1.511495        -0.468506         0.156892                0                3                0
5        10.487428         6.373793         6.550810         0.001999         1.511495         0.207407         0.001372         1.437088        -0.487428         0.152653                0                3                0
7        10.490256         6.550810         6.717104         0.001382         1.437088         0.154525         0.001075         1.364101        -0.490256         0.148874                1                3                1
9         8.901537         6.717104         6.684923         0.001085         1.364101         0.123168         0.000903         1.528421         1.098463         0.149590                0                3                0
id:  0  speedup: 2  powerup: 2
TAG      ACTUAL_RATE      X_HAT_MINUS            X_HAT          P_MINUS                H                K                P          SPEEDUP            ERROR         WORKLOAD         LOWER_ID         UPPER_ID  LOW_STATE_ITERS
1        10.035163         0.200000         6.307024         1.000010         1.585000         0.628413         0.003965         1.579425        -0.035163         0.158553                0                3                0
3        10.457989         6.307024         6.463539         0.003975         1.579425         0.315225         0.001996         1.508568        -0.457989         0.154714                0                3                0
5        10.513516         6.463539         6.622021         0.002006         1.508568         0.207756         0.001377         1.431021        -0.513516         0.151011                0                3                0
7        10.484590         6.622021         6.777903         0.001387         1.431021         0.154592         0.001080         1.359525        -0.484590         0.147538                1                3                1
9         8.098455         6.777903         6.640191         0.001090         1.359525         0.123367         0.000907         1.585000         1.901545         0.150598                0                3                0
id:  0  speedup: 2  powerup: 3
TAG      ACTUAL_RATE      X_HAT_MINUS            X_HAT          P_MINUS                H                K                P          SPEEDUP            ERROR         WORKLOAD         LOWER_ID         UPPER_ID  LOW_STATE_ITERS
1         9.787143         0.200000         6.151165         1.000010         1.585000         0.628413         0.003965         1.585000         0.212857         0.162571                0                3                0
3        10.522924         6.151165         6.394940         0.003975         1.585000         0.315228         0.001989         1.503228        -0.522924         0.156374                0                3                0
5        10.475343         6.394940         6.573417         0.001999         1.503228         0.206981         0.001377         1.430915        -0.475343         0.152128                0                3                0
7        10.532978         6.573417         6.747606         0.001387         1.430915         0.154563         0.001080         1.351928        -0.532978         0.148201                1                3                1
9         8.318652         6.747606         6.648843         0.001090         1.351928         0.122896         0.000909         1.585000         1.681348         0.150402                0                3                0
id:  0  speedup: 2  powerup: 4
TAG      ACTUAL_RATE      X_HAT_MINUS            X_HAT          P_MINUS                H                K                P          SPEEDUP            ERROR         WORKLOAD         LOWER_ID         UPPER_ID  LOW_STATE_ITERS
1        10.172383         0.200000         6.393255         1.000010         1.585000         0.628413         0.003965         1.558037        -0.172383         0.156415                0                3                0
3        10.529898         6.393255         6.572582         0.003975         1.558037         0.315178         0.002023         1.477414        -0.529898         0.152147                0                3                0
5        10.527219         6.572582         6.742503         0.002033         1.477414         0.208034         0.001408         1.399221        -0.527219         0.148313                0                3                0
7        10.441339         6.742503         6.898908         0.001418         1.399221         0.155304         0.001110         1.335249        -0.441339         0.144950                1                3                1
9         8.855697         6.898908         6.854525         0.001120         1.335249         0.124650         0.000934         1.502190         1.144303         0.145889                0                3                0
id:  0  speedup: 3  powerup: 1
TAG      ACTUAL_RATE      X_HAT_MINUS            X_HAT          P_MINUS                H                K                P          SPEEDUP            ERROR         WORKLOAD         LOWER_ID         UPPER_ID  LOW_STATE_ITERS
1        10.585806         0.200000         6.653055         1.000010         1.585000         0.628413         0.003965         1.496949        -0.585806         0.150307                0                3                0
3        10.495277         6.653055         6.821732         0.003975         1.496949         0.314701         0.002102         1.424347        -0.495277         0.146590                0                3                0
5        10.522027         6.821732         6.991381         0.002112         1.424347         0.210609         0.001479         1.349679        -0.522027         0.143033                1                3                1
7         8.728149         6.991381         6.879481         0.001489         1.349679         0.158057         0.001171         1.534555         1.271851         0.145360                0                3                0
9        10.304457         6.879481         6.843677         0.001181         1.534555         0.141803         0.000924         1.490068        -0.304457         0.146120                0                3                0
id:  0  speedup: 3  powerup: 2
TAG      ACTUAL_RATE      X_HAT_MINUS            X_HAT          P_MINUS                H                K                P          SPEEDUP            ERROR         WORKLOAD         LOWER_ID         UPPER_ID  LOW_STATE_ITERS
1        10.014979         0.200000         6.294340         1.000010         1.585000         0.628413         0.003965         1.582620        -0.014979         0.158873                0                3                0
3        10.470284         6.294340         6.454707         0.003975         1.582620         0.315227         0.001992         1.509761        -0.470284         0.154926                0                3                0
5        10.561468         6.454707         6.624136         0.002002         1.509761         0.207531         0.001375         1.425000        -0.561468         0.150963                0                3                0
7        10.512095         6.624136         6.789337         0.001385         1.425000         0.154005         0.001081         1.349574        -0.512095         0.147290                1                3                1
9         8.945147         6.789337         6.762619         0.001091         1.349574         0.122806         0.000910         1.505557         1.054853         0.147872                0                3                0
id:  0  speedup: 3  powerup: 3
TAG      ACTUAL_RATE      X_HAT_MINUS            X_HAT          P_MINUS                H                K                P          SPEEDUP            ERROR         WORKLOAD         LOWER_ID         UPPER_ID  LOW_STATE_ITERS
1        10.521005         0.200000         6.612334         1.000010         1.585000         0.628413         0.003965         1.506207        -0.521005         0.151233                0                3                0
3        10.573866         6.612334         6.805727         0.003975         1.506207         0.314807         0.002090         1.421886        -0.573866         0.146935                0                3                0
5        10.478318         6.805727         6.973697         0.002100         1.421886         0.209609         0.001474         1.353297        -0.478318         0.143396                1                3                1
7         8.517443         6.973697         6.828399         0.001484         1.353297         0.157925         0.001167         1.570413         1.482557         0.146447                0                3                0
9        10.160994         6.828399         6.747832         0.001177         1.570413         0.143252         0.000912         1.546555        -0.160994         0.148196                0                3                0
id:  0  speedup: 3  powerup: 4
TAG      ACTUAL_RATE      X_HAT_MINUS            X_HAT          P_MINUS                H                K                P          SPEEDUP            ERROR         WORKLOAD         LOWER_ID         UPPER_ID  LOW_STATE_ITERS
1        10.481533         0.200000         6.587529         1.000010         1.585000         0.628413         0.003965         1.511902        -0.481533         0.151802                0                3                0
3        10.461622         6.587529         6.745567         0.003975         1.511902         0.314866         0.002083         1.443469        -0.461622         0.148245                0                3                0
5        10.510818         6.745567         6.908333         0.002093         1.443469         0.210345         0.001457         1.369527        -0.510818         0.144753                1                3                1
7         8.395780         6.908333         6.740457         0.001467         1.369527         0.157576         0.001151         1.585000         1.604220         0.148358                0                3                0
9        10.558543         6.740457         6.722642         0.001161         1.585000         0.142426         0.000899         1.501916        -0.558543         0.148751                0                3                0
id:  0  speedup: 4  powerup: 1
TAG      ACTUAL_RATE      X_HAT_MINUS            X_HAT          P_MINUS                H                K                P          SPEEDUP            ERROR         WORKLOAD         LOWER_ID         UPPER_ID  LOW_STATE_ITERS
1         9.650368         0.200000         6.065214         1.000010         1.585000         0.628413         0.003965         1.585000         0.349632         0.164875                0                3                0
3        10.493432         6.065214         6.342636         0.003975         1.585000         0.315228         0.001989         1.507204        -0.493432         0.157663                0                3                0
5        10.493428         6.342636         6.536104         0.001999         1.507204         0.207187         0.001375         1.431711        -0.493428         0.152996                0                3                0
7        10.463515         6.536104         6.706840         0.001385         1.431711         0.154414         0.001079         1.362600        -0.463515         0.149102                1                3                1
9         8.229286         6.706840         6.594625         0.001089         1.362600         0.123386         0.000906         1.585000         1.770714         0.151639                0                3                0
id:  0  speedup: 4  powerup: 2
TAG      ACTUAL_RATE      X_HAT_MINUS            X_HAT          P_MINUS                H                K                P          SPEEDUP            ERROR         WORKLOAD         LOWER_ID         UPPER_ID  LOW_STATE_ITERS
1         9.681600         0.200000         6.084840         1.000010         1.585000         0.628413         0.003965         1.585000         0.318400         0.164343                0                3                0
3        10.541845         6.084840         6.367717         0.003975         1.585000         0.315228         0.001989         1.499908        -0.541845         0.157042                0                3                0
5        10.485384         6.367717         6.560958         0.001999         1.499908         0.206808         0.001379         1.425927        -0.485384         0.152417                0                3                0
7        10.506557         6.560958         6.738719         0.001389         1.425927         0.154426         0.001083         1.350756        -0.506557         0.148396                1                3                1
9         8.079837         6.738719         6.612857         0.001093         1.350756         0.123089         0.000911         1.585000         1.920163         0.151221                0                3                0
id:  0  speedup: 4  powerup: 3
TAG      ACTUAL_RATE      X_HAT_MINUS            X_HAT          P_MINUS                H                K                P          SPEEDUP            ERROR         WORKLOAD         LOWER_ID         UPPER_ID  LOW_STATE_ITERS
1        10.229356         0.200000         6.429058         1.000010         1.585000         0.628413         0.003965         1.549325        -0.229356         0.155544                0                3                0
3        10.480236         6.429058         6.592785         0.003975         1.549325         0.315141         0.002034         1.476482        -0.480236         0.151681                0                3                0
5        10.467896         6.592785         6.745974         0.002044         1.476482         0.208772         0.001414         1.407123        -0.467896         0.148237                0                3                0
7        10.476658         6.745974         6.899814         0.001424         1.407123         0.156302         0.001111         1.338040        -0.476658         0.144931                1                3                1
9         8.467184         6.899814         6.804257         0.001121         1.338040         0.124903         0.000933         1.563314         1.532816         0.146967                0                3                0
id:  0  speedup: 4  powerup: 4
TAG      ACTUAL_RATE      X_HAT_MINUS            X_HAT          P_MINUS                H                K                P          SPEEDUP            ERROR         WORKLOAD         LOWER_ID         UPPER_ID  LOW_STATE_ITERS
1        10.566871         0.200000         6.641157         1.000010         1.585000         0.628413         0.003965         1.499643        -0.566871         0.150576                0                3                0
3        10.530519         6.641157         6.820919         0.003975         1.499643         0.314733         0.002099         1.421864        -0.530519         0.146608                0                3                0
5        10.469647         6.820919         6.983041         0.002109         1.421864         0.210213         0.001478         1.354609        -0.469647         0.143204                1                3                1
7         8.501842         6.983041         6.831409         0.001488         1.354609         0.158370         0.001169         1.573913         1.498158         0.146383                0                3                0
9        10.479524         6.831409         6.792267         0.001179         1.573913         0.143630         0.000913         1.503315        -0.479524         0.147226                0                3                0
id:  0  speedup: 5  powerup: 1
TAG      ACTUAL_RATE      X_HAT_MINUS            X_HAT          P_MINUS                H                K                P          SPEEDUP            ERROR         WORKLOAD         LOWER_ID         UPPER_ID  LOW_STATE_ITERS
1        10.547770         0.200000         6.629153         1.000010         1.585000         0.628413         0.003965         1.502369        -0.547770         0.150849                0                3                0
3        10.464482         6.629153         6.788123         0.003975         1.502369         0.314765         0.002095         1.433944        -0.464482         0.147316                0                3                0
5        10.464576         6.788123         6.942080         0.002105         1.433944         0.210672         0.001469         1.367022        -0.464576         0.144049                1                3                1
7         8.319425         6.942080         6.756644         0.001479         1.367022         0.158417         0.001159         1.585000         1.680575         0.148002                0                3                0
9        10.515916         6.756644         6.728953         0.001169         1.585000         0.143210         0.000904         1.508329        -0.515916         0.148612                0                3                0
id:  0  speedup: 5  powerup: 2
TAG      ACTUAL_RATE      X_HAT_MINUS            X_HAT          P_MINUS                H                K                P          SPEEDUP            ERROR         WORKLOAD         LOWER_ID         UPPER_ID  LOW_STATE_ITERS
1        10.551035         0.200000         6.631205         1.000010         1.585000         0.628413         0.003965         1.501903        -0.551035         0.150802                0                3                0
3        10.465595         6.631205         6.790527         0.003975         1.501903         0.314759         0.002096         1.433337        -0.465595         0.147264                0                3                0
5        10.497058         6.790527         6.951474         0.002106         1.433337         0.210680         0.001470         1.361833        -0.497058         0.143854                1                3                1
7         8.392649         6.951474         6.781625         0.001480         1.361833         0.158132         0.001161         1.585000         1.607351         0.147457                0                3                0
9         9.856909         6.781625         6.653690         0.001171         1.585000         0.143430         0.000905         1.585000         0.143091         0.150293                0                3                0
id:  0  speedup: 5  powerup: 3
TAG      ACTUAL_RATE      X_HAT_MINUS            X_HAT          P_MINUS                H                K                P          SPEEDUP            ERROR         WORKLOAD         LOWER_ID         UPPER_ID  LOW_STATE_ITERS
1        10.494435         0.200000         6.595637         1.000010         1.585000         0.628413         0.003965         1.510036        -0.494435         0.151615                0                3                0
3        10.522774         6.595637         6.772935         0.003975         1.510036         0.314847         0.002085         1.432850        -0.522774         0.147646                0                3                0
5        10.480604         6.772935         6.935820         0.002095         1.432850         0.209903         0.001465         1.363557        -0.480604         0.144179                1                3                1
7         8.273784         6.935820         6.749009         0.001475         1.363557         0.157833         0.001158         1.585000         1.726216         0.148170                0                3                0
9        10.511195         6.749009         6.722398         0.001168         1.585000         0.143083         0.000903         1.508956        -0.511195         0.148756                0                3                0
id:  0  speedup: 5  powerup: 4
TAG      ACTUAL_RATE      X_HAT_MINUS            X_HAT          P_MINUS                H                K                P          SPEEDUP            ERROR         WORKLOAD         LOWER_ID         UPPER_ID  LOW_STATE_ITERS
1        10.517939         0.200000         6.610407         1.000010         1.585000         0.628413         0.003965         1.506648        -0.517939         0.151277                0                3                0
3        10.474029         6.610407         6.772369         0.003975         1.506648         0.314812         0.002089         1.436653        -0.474029         0.147659                0                3                0
5        10.487105         6.772369         6.931786         0.002099         1.436653         0.210436         0.001465         1.366382        -0.487105         0.144263                1                3                1
7         8.528495         6.931786         6.782792         0.001475         1.366382         0.158004         0.001156         1.583329         1.471505         0.147432                0                3                0
9        10.186759         6.782792         6.703825         0.001166         1.583329         0.142893         0.000902         1.555470        -0.186759         0.149169                0                3                0
id:  0  speedup: 6  powerup: 1
TAG      ACTUAL_RATE      X_HAT_MINUS            X_HAT          P_MINUS                H                K                P          SPEEDUP            ERROR         WORKLOAD         LOWER_ID         UPPER_ID  LOW_STATE_ITERS
1        10.542470         0.200000         6.625823         1.000010         1.585000         0.628413         0.003965         1.503128        -0.542470         0.150925                0                3                0
3        10.462372         6.625823         6.784126         0.003975         1.503128         0.314773         0.002094         1.434973        -0.462372         0.147403                0                3                0
5        10.521077         6.784126         6.949715         0.002104         1.434973         0.210662         0.001468         1.359995        -0.521077         0.143891                1                3                1
7         8.832247         6.949715         6.851948         0.001478         1.359995         0.157859         0.001161         1.530421         1.167753         0.145944                0                3                0
9         9.926920         6.851948         6.773282         0.001171         1.530421         0.140614         0.000919         1.541211         0.073080         0.147639                0                3                0
id:  0  speedup: 6  powerup: 2
TAG      ACTUAL_RATE      X_HAT_MINUS            X_HAT          P_MINUS                H                K                P          SPEEDUP            ERROR         WORKLOAD         LOWER_ID         UPPER_ID  LOW_STATE_ITERS
1        10.603758         0.200000         6.664337         1.000010         1.585000         0.628413         0.003965         1.494405        -0.603758         0.150052                0                3                0
3        10.555875         6.664337         6.852088         0.003975         1.494405         0.314670         0.002106         1.413280        -0.555875         0.145941                0                3                0
5        10.509506         6.852088         7.025613         0.002116         1.413280         0.210183         0.001487         1.340758        -0.509506         0.142336                1                3                1
7         8.264091         7.025613         6.842839         0.001497         1.340758         0.158169         0.001180         1.585000         1.735909         0.146138                0                3                0
9        10.506761         6.842839         6.793604         0.001190         1.585000         0.145177         0.000916         1.510406        -0.506761         0.147197                0                3                0
id:  0  speedup: 6  powerup: 3
TAG      ACTUAL_RATE      X_HAT_MINUS            X_HAT          P_MINUS                H                K                P          SPEEDUP            ERROR         WORKLOAD         LOWER_ID         UPPER_ID  LOW_STATE_ITERS
1        10.557770         0.200000         6.635437         1.000010         1.585000         0.628413         0.003965         1.500941        -0.557770         0.150706                0                3                0
3        10.502938         6.635437         6.806515         0.003975         1.500941         0.314748         0.002097         1.427050        -0.502938         0.146918                0                3                0
5        10.482403         6.806515         6.968348         0.002107         1.427050         0.210400         0.001474         1.357822        -0.482403         0.143506                1                3                1
7         8.472166         6.968348         6.811747         0.001484         1.357822         0.158245         0.001165         1.582116         1.527834         0.146805                0                3                0
9        10.204671         6.811747         6.729513         0.001175         1.582116         0.143690         0.000908         1.551702        -0.204671         0.148599                0                3                0
id:  0  speedup: 6  powerup: 4
TAG      ACTUAL_RATE      X_HAT_MINUS            X_HAT          P_MINUS                H                K                P          SPEEDUP            ERROR         WORKLOAD         LOWER_ID         UPPER_ID  LOW_STATE_ITERS
1        10.501385         0.200000         6.600004         1.000010         1.585000         0.628413         0.003965         1.509033        -0.501385         0.151515                0                3                0
3        10.513815         6.600004         6.774485         0.003975         1.509033         0.314837         0.002086         1.433187        -0.513815         0.147613                0                3                0
5        10.472121         6.774485         6.934730         0.002096         1.433187         0.210015         0.001465         1.365106        -0.472121         0.144202                1                3                1
7         8.847238         6.934730         6.836881         0.001475         1.365106         0.157971         0.001157         1.533716         1.152762         0.146266                0                3                0
9         9.926920         6.836881         6.758380         0.001167         1.533716         0.140454         0.000916         1.544529         0.073080         0.147964                0                3                0
id:  0  speedup: 7  powerup: 1
