TAG      ACTUAL_RATE      X_HAT_MINUS            X_HAT          P_MINUS                H                K                P          SPEEDUP            ERROR         WORKLOAD         LOWER_ID         UPPER_ID  LOW_STATE_ITERS
1        10.573547         0.200000         6.645352         1.000010         1.585000         0.628413         0.003965         1.498692        -0.573547         0.150481                0                3                0
3        10.458604         6.645352         6.802483         0.003975         1.498692         0.314722         0.002100         1.431275        -0.458604         0.147005                0                3                0
5        10.581801         6.802483         6.980778         0.002110         1.431275         0.210856         0.001473         1.347932        -0.581801         0.143251                1                3                1
7         8.686397         6.980778         6.866882         0.001483         1.347932         0.157485         0.001168         1.539227         1.313603         0.145627                0                3                0
9        10.224033         6.866882         6.817871         0.001178         1.539227         0.141790         0.000921         1.506367        -0.224033         0.146673                0                3                0
id:  0  freq: 10000  core: 1
TAG      ACTUAL_RATE      X_HAT_MINUS            X_HAT          P_MINUS                H                K                P          SPEEDUP            ERROR         WORKLOAD         LOWER_ID         UPPER_ID  LOW_STATE_ITERS
1        10.597976         0.200000         6.660703         1.000010         1.585000         0.628413         0.003965         1.495223        -0.597976         0.150134                0                3                0
3        10.483305         6.660703         6.825616         0.003975         1.495223         0.314680         0.002105         1.424416        -0.483305         0.146507                0                3                0
5        10.448601         6.825616         6.978655         0.002115         1.424416         0.210773         0.001480         1.360134        -0.448601         0.143294                1                3                1
7         8.406886         6.978655         6.806305         0.001490         1.360134         0.158845         0.001168         1.585000         1.593114         0.146923                0                3                0
9         9.905349         6.806305         6.679150         0.001178         1.585000         0.144062         0.000909         1.585000         0.094651         0.149720                0                3                0
id:  0  freq: 10000  core: 2
TAG      ACTUAL_RATE      X_HAT_MINUS            X_HAT          P_MINUS                H                K                P          SPEEDUP            ERROR         WORKLOAD         LOWER_ID         UPPER_ID  LOW_STATE_ITERS
1        10.540558         0.200000         6.624621         1.000010         1.585000         0.628413         0.003965         1.503402        -0.540558         0.150952                0                3                0
3        10.539836         6.624621         6.807307         0.003975         1.503402         0.314776         0.002094         1.424099        -0.539836         0.146901                0                3                0
5        10.506065         6.807307         6.977781         0.002104         1.424099         0.209999         0.001475         1.351574        -0.506065         0.143312                1                3                1
7         8.377183         6.977781         6.811440         0.001485         1.351574         0.157848         0.001168         1.585000         1.622817         0.146812                0                3                0
9         9.932418         6.811440         6.687010         0.001178         1.585000         0.144064         0.000909         1.585000         0.067582         0.149544                0                3                0
id:  0  freq: 10000  core: 3
TAG      ACTUAL_RATE      X_HAT_MINUS            X_HAT          P_MINUS                H                K                P          SPEEDUP            ERROR         WORKLOAD         LOWER_ID         UPPER_ID  LOW_STATE_ITERS
1        10.548721         0.200000         6.629751         1.000010         1.585000         0.628413         0.003965         1.502234        -0.548721         0.150835                0                3                0
3        10.550861         6.629751         6.815910         0.003975         1.502234         0.314763         0.002095         1.421414        -0.550861         0.146716                0                3                0
5        10.451526         6.815910         6.976162         0.002105         1.421414         0.209947         0.001477         1.356690        -0.451526         0.143345                1                3                1
7         8.845562         6.976162         6.878130         0.001487         1.356690         0.158392         0.001167         1.524531         1.154438         0.145388                0                3                0
9        10.391678         6.878130         6.864847         0.001177         1.524531         0.140940         0.000924         1.467476        -0.391678         0.145670                0                3                0
id:  0  freq: 10000  core: 4
TAG      ACTUAL_RATE      X_HAT_MINUS            X_HAT          P_MINUS                H                K                P          SPEEDUP            ERROR         WORKLOAD         LOWER_ID         UPPER_ID  LOW_STATE_ITERS
1        10.580355         0.200000         6.649630         1.000010         1.585000         0.628413         0.003965         1.497724        -0.580355         0.150384                0                3                0
3        10.479261         6.649630         6.813264         0.003975         1.497724         0.314710         0.002101         1.427381        -0.479261         0.146773                0                3                0
5        10.440778         6.813264         6.964064         0.002111         1.427381         0.210717         0.001476         1.364088        -0.440778         0.143594                1                3                1
7         8.793834         6.964064         6.851977         0.001486         1.364088         0.158816         0.001164         1.540120         1.206166         0.145943                0                3                0
9         9.787081         6.851977         6.743655         0.001174         1.540120         0.141452         0.000918         1.571693         0.212919         0.148288                0                3                0
id:  0  freq: 11000  core: 1
TAG      ACTUAL_RATE      X_HAT_MINUS            X_HAT          P_MINUS                H                K                P          SPEEDUP            ERROR         WORKLOAD         LOWER_ID         UPPER_ID  LOW_STATE_ITERS
1         9.663434         0.200000         6.073425         1.000010         1.585000         0.628413         0.003965         1.585000         0.336566         0.164652                0                3                0
3        10.515250         6.073425         6.353622         0.003975         1.585000         0.315228         0.001989         1.503905        -0.515250         0.157391                0                3                0
5        10.542481         6.353622         6.557997         0.001999         1.503905         0.207016         0.001377         1.421184        -0.542481         0.152486                0                3                0
7        10.478241         6.557997         6.736278         0.001387         1.421184         0.153940         0.001083         1.350189        -0.478241         0.148450                1                3                1
9         8.496793         6.736278         6.662624         0.001093         1.350189         0.123073         0.000912         1.575807         1.503207         0.150091                0                3                0
id:  0  freq: 11000  core: 2
TAG      ACTUAL_RATE      X_HAT_MINUS            X_HAT          P_MINUS                H                K                P          SPEEDUP            ERROR         WORKLOAD         LOWER_ID         UPPER_ID  LOW_STATE_ITERS
1         9.732284         0.200000         6.116691         1.000010         1.585000         0.628413         0.003965         1.585000         0.267716         0.163487                0                3                0
3        10.527203         6.116691         6.379039         0.003975         1.585000         0.315228         0.001989         1.502354        -0.527203         0.156763                0                3                0
5        10.476814         6.379039         6.563882         0.001999         1.502354         0.206935         0.001377         1.429712        -0.476814         0.152349                0                3                0
7        10.582655         6.563882         6.749044         0.001387         1.429712         0.154534         0.001081         1.343380        -0.582655         0.148169                1                3                1
9         8.408257         6.749044         6.668443         0.001091         1.343380         0.122441         0.000911         1.582078         1.591743         0.149960                0                3                0
id:  0  freq: 11000  core: 3
TAG      ACTUAL_RATE      X_HAT_MINUS            X_HAT          P_MINUS                H                K                P          SPEEDUP            ERROR         WORKLOAD         LOWER_ID         UPPER_ID  LOW_STATE_ITERS
1         9.699254         0.200000         6.095934         1.000010         1.585000         0.628413         0.003965         1.585000         0.300746         0.164044                0                3                0
3        10.492499         6.095934         6.357713         0.003975         1.585000         0.315228         0.001989         1.507535        -0.492499         0.157289                0                3                0
5        10.486626         6.357713         6.544642         0.001999         1.507535         0.207204         0.001374         1.433180        -0.486626         0.152797                0                3                0
7        10.500080         6.544642         6.717733         0.001384         1.433180         0.154486         0.001078         1.358739        -0.500080         0.148860                1                3                1
9         8.464501         6.717733         6.636102         0.001088         1.358739         0.123097         0.000906         1.585000         1.535499         0.150691                0                3                0
id:  0  freq: 11000  core: 4
TAG      ACTUAL_RATE      X_HAT_MINUS            X_HAT          P_MINUS                H                K                P          SPEEDUP            ERROR         WORKLOAD         LOWER_ID         UPPER_ID  LOW_STATE_ITERS
1         9.650126         0.200000         6.065062         1.000010         1.585000         0.628413         0.003965         1.585000         0.349874         0.164879                0                3                0
3        10.446745         6.065062         6.327843         0.003975         1.585000         0.315228         0.001989         1.514400        -0.446745         0.158032                0                3                0
5        10.464149         6.327843         6.510754         0.001999         1.514400         0.207556         0.001371         1.443111        -0.464149         0.153592                0                3                0
7        10.456856         6.510754         6.674951         0.001381         1.443111         0.154739         0.001072         1.374667        -0.456856         0.149814                1                3                1
9         8.615543         6.674951         6.605747         0.001082         1.374667         0.123514         0.000899         1.584251         1.384457         0.151383                0                3                0
id:  0  freq: 12000  core: 1
TAG      ACTUAL_RATE      X_HAT_MINUS            X_HAT          P_MINUS                H                K                P          SPEEDUP            ERROR         WORKLOAD         LOWER_ID         UPPER_ID  LOW_STATE_ITERS
1        10.507741         0.200000         6.603999         1.000010         1.585000         0.628413         0.003965         1.508116        -0.507741         0.151423                0                3                0
3        10.463750         6.603999         6.762720         0.003975         1.508116         0.314827         0.002088         1.439542        -0.463750         0.147869                0                3                0
5        10.485870         6.762720         6.920708         0.002098         1.439542         0.210467         0.001462         1.369336        -0.485870         0.144494                1                3                1
7         8.881411         6.920708         6.826658         0.001472         1.369336         0.157970         0.001154         1.533192         1.118589         0.146485                0                3                0
9         9.650983         6.826658         6.712403         0.001164         1.533192         0.140087         0.000914         1.585000         0.349017         0.148978                0                3                0
id:  0  freq: 12000  core: 2
TAG      ACTUAL_RATE      X_HAT_MINUS            X_HAT          P_MINUS                H                K                P          SPEEDUP            ERROR         WORKLOAD         LOWER_ID         UPPER_ID  LOW_STATE_ITERS
1         9.805621         0.200000         6.162777         1.000010         1.585000         0.628413         0.003965         1.585000         0.194379         0.162265                0                3                0
3        10.525947         6.162777         6.401703         0.003975         1.585000         0.315228         0.001989         1.502843        -0.525947         0.156208                0                3                0
5        10.497196         6.401703         6.583092         0.001999         1.502843         0.206961         0.001377         1.427316        -0.497196         0.151904                0                3                0
7        10.590507         6.583092         6.767458         0.001387         1.427316         0.154365         0.001082         1.340060        -0.590507         0.147766                1                3                1
9         8.712393         6.767458         6.723871         0.001092         1.340060         0.122297         0.000913         1.531558         1.287607         0.148724                0                3                0
id:  0  freq: 12000  core: 3
TAG      ACTUAL_RATE      X_HAT_MINUS            X_HAT          P_MINUS                H                K                P          SPEEDUP            ERROR         WORKLOAD         LOWER_ID         UPPER_ID  LOW_STATE_ITERS
1        10.525783         0.200000         6.615336         1.000010         1.585000         0.628413         0.003965         1.505521        -0.525783         0.151164                0                3                0
3        10.473798         6.615336         6.777229         0.003975         1.505521         0.314800         0.002091         1.435610        -0.473798         0.147553                0                3                0
5        10.528803         6.777229         6.945474         0.002101         1.435610         0.210479         0.001466         1.359474        -0.528803         0.143979                1                3                1
7         8.385459         6.945474         6.778866         0.001476         1.359474         0.157663         0.001160         1.585000         1.614541         0.147517                0                3                0
9        10.549745         6.778866         6.750959         0.001170         1.585000         0.143294         0.000904         1.503568        -0.549745         0.148127                0                3                0
id:  0  freq: 12000  core: 4
