TAG      ACTUAL_RATE      X_HAT_MINUS            X_HAT          P_MINUS                H                K                P          SPEEDUP            ERROR         WORKLOAD         LOWER_ID         UPPER_ID  LOW_STATE_ITERS
1        10.267010         0.200000         6.452720         1.000010         1.585000         0.628413         0.003965         1.585000         9.732990         0.154973                0                3                0
3        10.499961         6.452720         6.538588         0.003975         1.585000         0.315228         0.001989         1.585000         9.500039         0.152938                0                3                0
5        10.501316         6.538588         6.567620         0.001999         1.585000         0.210907         0.001331         1.585000         9.498684         0.152262                0                3                0
7        10.535301         6.567620         6.587589         0.001341         1.585000         0.158956         0.001003         1.585000         9.464699         0.151801                0                3                0
9        10.560799         6.587589         6.602878         0.001013         1.585000         0.127976         0.000807         1.585000         9.439201         0.151449                0                3                0
11        10.469104         6.602878         6.603259         0.000817         1.585000         0.107488         0.000678         1.585000         9.530896         0.151440                0                3                0
13        10.448755         6.603259         6.601640         0.000688         1.585000         0.092996         0.000587         1.585000         9.551245         0.151478                0                3                0
15        10.475531         6.601640         6.602621         0.000597         1.585000         0.082251         0.000519         1.585000         9.524469         0.151455                0                3                0
17        10.481661         6.602621         6.603843         0.000529         1.585000         0.074002         0.000467         1.585000         9.518339         0.151427                0                3                0
19        10.517584         6.603843         6.607251         0.000477         1.585000         0.067500         0.000426         1.585000         9.482416         0.151349                0                3                0
num_beats: 200  target_rate: 100  window_size: 2
TAG      ACTUAL_RATE      X_HAT_MINUS            X_HAT          P_MINUS                H                K                P          SPEEDUP            ERROR         WORKLOAD         LOWER_ID         UPPER_ID  LOW_STATE_ITERS
3        10.027950         0.200000         6.302491         1.000010         1.585000         0.628413         0.003965         1.585000         9.972050         0.158667                0                3                0
7        10.493244         6.302491         6.461302         0.003975         1.585000         0.315228         0.001989         1.585000         9.506756         0.154768                0                3                0
11         9.960314         6.461302         6.402069         0.001999         1.585000         0.210907         0.001331         1.585000        10.039686         0.156200                0                3                0
15        10.467021         6.402069         6.452893         0.001341         1.585000         0.158956         0.001003         1.585000         9.532979         0.154969                0                3                0
19        10.476720         6.452893         6.484745         0.001013         1.585000         0.127976         0.000807         1.585000         9.523280         0.154208                0                3                0
num_beats: 200  target_rate: 100  window_size: 4
TAG      ACTUAL_RATE      X_HAT_MINUS            X_HAT          P_MINUS                H                K                P          SPEEDUP            ERROR         WORKLOAD         LOWER_ID         UPPER_ID  LOW_STATE_ITERS
5        10.522913         0.200000         6.613532         1.000010         1.585000         0.628413         0.003965         1.585000         9.477087         0.151205                0                3                0
11        10.552444         6.613532         6.635597         0.003975         1.585000         0.315228         0.001989         1.585000         9.447556         0.150702                0                3                0
17        10.559003         6.635597         6.644367         0.001999         1.585000         0.210907         0.001331         1.585000         9.440997         0.150503                0                3                0
num_beats: 200  target_rate: 100  window_size: 6
TAG      ACTUAL_RATE      X_HAT_MINUS            X_HAT          P_MINUS                H                K                P          SPEEDUP            ERROR         WORKLOAD         LOWER_ID         UPPER_ID  LOW_STATE_ITERS
7        10.428646         0.200000         6.554294         1.000010         1.585000         0.628413         0.003965         1.585000         9.571354         0.152572                0                3                0
15        10.512608         6.554294         6.593399         0.003975         1.585000         0.315228         0.001989         1.585000         9.487392         0.151667                0                3                0
num_beats: 200  target_rate: 100  window_size: 8
TAG      ACTUAL_RATE      X_HAT_MINUS            X_HAT          P_MINUS                H                K                P          SPEEDUP            ERROR         WORKLOAD         LOWER_ID         UPPER_ID  LOW_STATE_ITERS
1         9.764559         0.200000         6.136973         1.000010         1.585000         0.628413         0.003965         1.585000        12.235441         0.162947                0                3                0
3        10.507716         6.136973         6.383044         0.003975         1.585000         0.315228         0.001989         1.585000        11.492284         0.156665                0                3                0
5        10.545889         6.383044         6.473473         0.001999         1.585000         0.210907         0.001331         1.585000        11.454111         0.154477                0                3                0
7        10.460498         6.473473         6.505271         0.001341         1.585000         0.158956         0.001003         1.585000        11.539502         0.153721                0                3                0
9        10.482641         6.505271         6.527256         0.001013         1.585000         0.127976         0.000807         1.585000        11.517359         0.153204                0                3                0
11        10.480487         6.527256         6.541744         0.000817         1.585000         0.107488         0.000678         1.585000        11.519513         0.152864                0                3                0
13        10.516425         6.541744         6.555485         0.000688         1.585000         0.092996         0.000587         1.585000        11.483575         0.152544                0                3                0
15        10.504623         6.555485         6.564876         0.000597         1.585000         0.082251         0.000519         1.585000        11.495377         0.152326                0                3                0
17        10.489248         6.564876         6.571086         0.000529         1.585000         0.074002         0.000467         1.585000        11.510752         0.152182                0                3                0
19        10.475314         6.571086         6.575146         0.000477         1.585000         0.067500         0.000426         1.585000        11.524686         0.152088                0                3                0
num_beats: 200  target_rate: 110  window_size: 2
TAG      ACTUAL_RATE      X_HAT_MINUS            X_HAT          P_MINUS                H                K                P          SPEEDUP            ERROR         WORKLOAD         LOWER_ID         UPPER_ID  LOW_STATE_ITERS
3        10.537732         0.200000         6.622845         1.000010         1.585000         0.628413         0.003965         1.585000        11.462268         0.150993                0                3                0
7        10.544411         6.622845         6.637724         0.003975         1.585000         0.315228         0.001989         1.585000        11.455589         0.150654                0                3                0
11        10.485217         6.637724         6.630221         0.001999         1.585000         0.210907         0.001331         1.585000        11.514783         0.150825                0                3                0
15        10.545539         6.630221         6.636045         0.001341         1.585000         0.158956         0.001003         1.585000        11.454461         0.150692                0                3                0
19        10.542141         6.636045         6.639118         0.001013         1.585000         0.127976         0.000807         1.585000        11.457859         0.150622                0                3                0
num_beats: 200  target_rate: 110  window_size: 4
TAG      ACTUAL_RATE      X_HAT_MINUS            X_HAT          P_MINUS                H                K                P          SPEEDUP            ERROR         WORKLOAD         LOWER_ID         UPPER_ID  LOW_STATE_ITERS
5        10.124062         0.200000         6.362890         1.000010         1.585000         0.628413         0.003965         1.585000        11.875938         0.157161                0                3                0
11        10.514689         6.362890         6.498283         0.003975         1.585000         0.315228         0.001989         1.585000        11.485311         0.153887                0                3                0
17        10.493859         6.498283         6.539216         0.001999         1.585000         0.210907         0.001331         1.585000        11.506141         0.152924                0                3                0
num_beats: 200  target_rate: 110  window_size: 6
TAG      ACTUAL_RATE      X_HAT_MINUS            X_HAT          P_MINUS                H                K                P          SPEEDUP            ERROR         WORKLOAD         LOWER_ID         UPPER_ID  LOW_STATE_ITERS
7        10.334985         0.200000         6.495436         1.000010         1.585000         0.628413         0.003965         1.585000        11.665015         0.153954                0                3                0
15        10.541622         6.495436         6.573094         0.003975         1.585000         0.315228         0.001989         1.585000        11.458378         0.152135                0                3                0
num_beats: 200  target_rate: 110  window_size: 8
TAG      ACTUAL_RATE      X_HAT_MINUS            X_HAT          P_MINUS                H                K                P          SPEEDUP            ERROR         WORKLOAD         LOWER_ID         UPPER_ID  LOW_STATE_ITERS
1         9.749444         0.200000         6.127475         1.000010         1.585000         0.628413         0.003965         1.585000        14.250556         0.163199                0                3                0
3        10.502619         6.127475         6.376685         0.003975         1.585000         0.315228         0.001989         1.585000        13.497381         0.156821                0                3                0
5        10.519785         6.376685         6.463735         0.001999         1.585000         0.210907         0.001331         1.585000        13.480215         0.154709                0                3                0
7        10.505179         6.463735         6.505088         0.001341         1.585000         0.158956         0.001003         1.585000        13.494821         0.153726                0                3                0
9        10.481066         6.505088         6.526908         0.001013         1.585000         0.127976         0.000807         1.585000        13.518934         0.153212                0                3                0
11        10.550072         6.526908         6.548935         0.000817         1.585000         0.107488         0.000678         1.585000        13.449928         0.152697                0                3                0
13        10.470236         6.548935         6.557321         0.000688         1.585000         0.092996         0.000587         1.585000        13.529764         0.152501                0                3                0
15        10.523863         6.557321         6.568055         0.000597         1.585000         0.082251         0.000519         1.585000        13.476137         0.152252                0                3                0
17        10.524064         6.568055         6.576469         0.000529         1.585000         0.074002         0.000467         1.585000        13.475936         0.152057                0                3                0
19        10.529281         6.576469         6.583596         0.000477         1.585000         0.067500         0.000426         1.585000        13.470719         0.151893                0                3                0
num_beats: 200  target_rate: 120  window_size: 2
TAG      ACTUAL_RATE      X_HAT_MINUS            X_HAT          P_MINUS                H                K                P          SPEEDUP            ERROR         WORKLOAD         LOWER_ID         UPPER_ID  LOW_STATE_ITERS
3        10.514529         0.200000         6.608264         1.000010         1.585000         0.628413         0.003965         1.585000        13.485471         0.151326                0                3                0
7        10.548737         6.608264         6.631792         0.003975         1.585000         0.315228         0.001989         1.585000        13.451263         0.150789                0                3                0
11        10.505030         6.631792         6.630451         0.001999         1.585000         0.210907         0.001331         1.585000        13.494970         0.150819                0                3                0
15        10.498528         6.630451         6.628744         0.001341         1.585000         0.158956         0.001003         1.585000        13.501472         0.150858                0                3                0
19        10.520038         6.628744         6.630469         0.001013         1.585000         0.127976         0.000807         1.585000        13.479962         0.150819                0                3                0
num_beats: 200  target_rate: 120  window_size: 4
TAG      ACTUAL_RATE      X_HAT_MINUS            X_HAT          P_MINUS                H                K                P          SPEEDUP            ERROR         WORKLOAD         LOWER_ID         UPPER_ID  LOW_STATE_ITERS
5        10.176569         0.200000         6.395886         1.000010         1.585000         0.628413         0.003965         1.585000        13.823431         0.156351                0                3                0
11        10.481343         6.395886         6.504281         0.003975         1.585000         0.315228         0.001989         1.585000        13.518657         0.153745                0                3                0
17        10.504663         6.504281         6.545488         0.001999         1.585000         0.210907         0.001331         1.585000        13.495337         0.152777                0                3                0
num_beats: 200  target_rate: 120  window_size: 6
TAG      ACTUAL_RATE      X_HAT_MINUS            X_HAT          P_MINUS                H                K                P          SPEEDUP            ERROR         WORKLOAD         LOWER_ID         UPPER_ID  LOW_STATE_ITERS
7        10.287631         0.200000         6.465678         1.000010         1.585000         0.628413         0.003965         1.585000        13.712369         0.154663                0                3                0
15        10.508340         6.465678         6.547713         0.003975         1.585000         0.315228         0.001989         1.585000        13.491660         0.152725                0                3                0
num_beats: 200  target_rate: 120  window_size: 8
TAG      ACTUAL_RATE      X_HAT_MINUS            X_HAT          P_MINUS                H                K                P          SPEEDUP            ERROR         WORKLOAD         LOWER_ID         UPPER_ID  LOW_STATE_ITERS
1        10.617036         0.200000         6.672681         1.000010         1.585000         0.628413         0.003965         1.585000        15.382964         0.149865                0                3                0
3        10.490928         6.672681         6.645801         0.003975         1.585000         0.315228         0.001989         1.585000        15.509072         0.150471                0                3                0
5        10.547070         6.645801         6.648643         0.001999         1.585000         0.210907         0.001331         1.585000        15.452930         0.150407                0                3                0
7        10.503419         6.648643         6.643130         0.001341         1.585000         0.158956         0.001003         1.585000        15.496581         0.150531                0                3                0
9        10.511464         6.643130         6.640840         0.001013         1.585000         0.127976         0.000807         1.585000        15.488536         0.150583                0                3                0
11        10.527759         6.640840         6.641058         0.000817         1.585000         0.107488         0.000678         1.585000        15.472241         0.150578                0                3                0
13        10.533373         6.641058         6.641736         0.000688         1.585000         0.092996         0.000587         1.585000        15.466627         0.150563                0                3                0
15        10.482968         6.641736         6.638102         0.000597         1.585000         0.082251         0.000519         1.585000        15.517032         0.150645                0                3                0
17        10.555341         6.638102         6.640615         0.000529         1.585000         0.074002         0.000467         1.585000        15.444659         0.150588                0                3                0
19        10.432667         6.640615         6.634357         0.000477         1.585000         0.067500         0.000426         1.585000        15.567333         0.150731                0                3                0
num_beats: 200  target_rate: 130  window_size: 2
TAG      ACTUAL_RATE      X_HAT_MINUS            X_HAT          P_MINUS                H                K                P          SPEEDUP            ERROR         WORKLOAD         LOWER_ID         UPPER_ID  LOW_STATE_ITERS
3        10.518847         0.200000         6.610978         1.000010         1.585000         0.628413         0.003965         1.585000        15.481153         0.151264                0                3                0
7        10.491447         6.610978         6.615091         0.003975         1.585000         0.315228         0.001989         1.585000        15.508553         0.151170                0                3                0
11        10.519074         6.615091         6.622294         0.001999         1.585000         0.210907         0.001331         1.585000        15.480926         0.151005                0                3                0
15        10.466597         6.622294         6.617567         0.001341         1.585000         0.158956         0.001003         1.585000        15.533403         0.151113                0                3                0
19        10.466392         6.617567         6.614694         0.001013         1.585000         0.127976         0.000807         1.585000        15.533608         0.151179                0                3                0
num_beats: 200  target_rate: 130  window_size: 4
TAG      ACTUAL_RATE      X_HAT_MINUS            X_HAT          P_MINUS                H                K                P          SPEEDUP            ERROR         WORKLOAD         LOWER_ID         UPPER_ID  LOW_STATE_ITERS
5        10.232910         0.200000         6.431291         1.000010         1.585000         0.628413         0.003965         1.585000        15.767090         0.155490                0                3                0
11        10.487235         6.431291         6.523854         0.003975         1.585000         0.315228         0.001989         1.585000        15.512765         0.153284                0                3                0
17        10.487829         6.523854         6.554967         0.001999         1.585000         0.210907         0.001331         1.585000        15.512171         0.152556                0                3                0
num_beats: 200  target_rate: 130  window_size: 6
TAG      ACTUAL_RATE      X_HAT_MINUS            X_HAT          P_MINUS                H                K                P          SPEEDUP            ERROR         WORKLOAD         LOWER_ID         UPPER_ID  LOW_STATE_ITERS
7        10.538316         0.200000         6.623212         1.000010         1.585000         0.628413         0.003965         1.585000        15.461684         0.150984                0                3                0
15        10.494800         6.623212         6.622269         0.003975         1.585000         0.315228         0.001989         1.585000        15.505200         0.151006                0                3                0
num_beats: 200  target_rate: 130  window_size: 8
TAG      ACTUAL_RATE      X_HAT_MINUS            X_HAT          P_MINUS                H                K                P          SPEEDUP            ERROR         WORKLOAD         LOWER_ID         UPPER_ID  LOW_STATE_ITERS
1         9.571186         0.200000         6.015455         1.000010         1.585000         0.628413         0.003965         1.585000        18.428814         0.166238                0                3                0
3        10.534469         6.015455         6.330675         0.003975         1.585000         0.315228         0.001989         1.585000        17.465531         0.157961                0                3                0
5        10.529286         6.330675         6.435108         0.001999         1.585000         0.210907         0.001331         1.585000        17.470714         0.155398                0                3                0
7        10.490543         6.435108         6.481348         0.001341         1.585000         0.158956         0.001003         1.585000        17.509457         0.154289                0                3                0
9        10.460318         6.481348         6.505328         0.001013         1.585000         0.127976         0.000807         1.585000        17.539682         0.153720                0                3                0
11        10.480883         6.505328         6.523595         0.000817         1.585000         0.107488         0.000678         1.585000        17.519117         0.153290                0                3                0
13        10.479549         6.523595         6.536582         0.000688         1.585000         0.092996         0.000587         1.585000        17.520451         0.152985                0                3                0
15        10.491708         6.536582         6.547375         0.000597         1.585000         0.082251         0.000519         1.585000        17.508292         0.152733                0                3                0
17        10.510383         6.547375         6.557202         0.000529         1.585000         0.074002         0.000467         1.585000        17.489617         0.152504                0                3                0
19        10.486702         6.557202         6.563516         0.000477         1.585000         0.067500         0.000426         1.585000        17.513298         0.152357                0                3                0
num_beats: 200  target_rate: 140  window_size: 2
TAG      ACTUAL_RATE      X_HAT_MINUS            X_HAT          P_MINUS                H                K                P          SPEEDUP            ERROR         WORKLOAD         LOWER_ID         UPPER_ID  LOW_STATE_ITERS
3        10.521842         0.200000         6.612860         1.000010         1.585000         0.628413         0.003965         1.585000        17.478158         0.151221                0                3                0
7        10.489348         6.612860         6.615371         0.003975         1.585000         0.315228         0.001989         1.585000        17.510652         0.151163                0                3                0
11        10.539450         6.615371         6.626778         0.001999         1.585000         0.210907         0.001331         1.585000        17.460550         0.150903                0                3                0
15        10.486529         6.626778         6.624090         0.001341         1.585000         0.158956         0.001003         1.585000        17.513471         0.150964                0                3                0
19        10.463737         6.624090         6.619553         0.001013         1.585000         0.127976         0.000807         1.585000        17.536263         0.151068                0                3                0
num_beats: 200  target_rate: 140  window_size: 4
TAG      ACTUAL_RATE      X_HAT_MINUS            X_HAT          P_MINUS                H                K                P          SPEEDUP            ERROR         WORKLOAD         LOWER_ID         UPPER_ID  LOW_STATE_ITERS
5        10.220027         0.200000         6.423195         1.000010         1.585000         0.628413         0.003965         1.585000        17.779973         0.155686                0                3                0
11        10.468699         6.423195         6.513960         0.003975         1.585000         0.315228         0.001989         1.585000        17.531301         0.153516                0                3                0
17        10.501579         6.513960         6.551280         0.001999         1.585000         0.210907         0.001331         1.585000        17.498421         0.152642                0                3                0
num_beats: 200  target_rate: 140  window_size: 6
TAG      ACTUAL_RATE      X_HAT_MINUS            X_HAT          P_MINUS                H                K                P          SPEEDUP            ERROR         WORKLOAD         LOWER_ID         UPPER_ID  LOW_STATE_ITERS
7        10.408449         0.200000         6.541602         1.000010         1.585000         0.628413         0.003965         1.585000        17.591551         0.152868                0                3                0
15        10.520821         6.541602         6.589637         0.003975         1.585000         0.315228         0.001989         1.585000        17.479179         0.151753                0                3                0
num_beats: 200  target_rate: 140  window_size: 8
TAG      ACTUAL_RATE      X_HAT_MINUS            X_HAT          P_MINUS                H                K                P          SPEEDUP            ERROR         WORKLOAD         LOWER_ID         UPPER_ID  LOW_STATE_ITERS
1        10.257418         0.200000         6.446692         1.000010         1.585000         0.628413         0.003965         1.585000        19.742582         0.155118                0                3                0
3        10.476327         6.446692         6.528122         0.003975         1.585000         0.315228         0.001989         1.585000        19.523673         0.153183                0                3                0
5        10.451203         6.528122         6.550083         0.001999         1.585000         0.210907         0.001331         1.585000        19.548797         0.152670                0                3                0
7        10.463047         6.550083         6.562985         0.001341         1.585000         0.158956         0.001003         1.585000        19.536953         0.152370                0                3                0
9        10.477191         6.562985         6.572565         0.001013         1.585000         0.127976         0.000807         1.585000        19.522809         0.152148                0                3                0
11        10.539805         6.572565         6.585710         0.000817         1.585000         0.107488         0.000678         1.585000        19.460195         0.151844                0                3                0
13        10.458258         6.585710         6.587561         0.000688         1.585000         0.092996         0.000587         1.585000        19.541742         0.151801                0                3                0
15        10.445460         6.587561         6.587905         0.000597         1.585000         0.082251         0.000519         1.585000        19.554540         0.151793                0                3                0
17        10.487332         6.587905         6.591272         0.000529         1.585000         0.074002         0.000467         1.585000        19.512668         0.151716                0                3                0
19        10.470862         6.591272         6.592871         0.000477         1.585000         0.067500         0.000426         1.585000        19.529138         0.151679                0                3                0
num_beats: 200  target_rate: 150  window_size: 2
TAG      ACTUAL_RATE      X_HAT_MINUS            X_HAT          P_MINUS                H                K                P          SPEEDUP            ERROR         WORKLOAD         LOWER_ID         UPPER_ID  LOW_STATE_ITERS
3        10.314500         0.200000         6.482563         1.000010         1.585000         0.628413         0.003965         1.585000        19.685500         0.154260                0                3                0
7        10.517299         6.482563         6.558986         0.003975         1.585000         0.315228         0.001989         1.585000        19.482701         0.152463                0                3                0
11        10.520251         6.558986         6.585193         0.001999         1.585000         0.210907         0.001331         1.585000        19.479749         0.151856                0                3                0
15        10.541624         6.585193         6.601739         0.001341         1.585000         0.158956         0.001003         1.585000        19.458376         0.151475                0                3                0
19        10.462198         6.601739         6.601540         0.001013         1.585000         0.127976         0.000807         1.585000        19.537802         0.151480                0                3                0
num_beats: 200  target_rate: 150  window_size: 4
TAG      ACTUAL_RATE      X_HAT_MINUS            X_HAT          P_MINUS                H                K                P          SPEEDUP            ERROR         WORKLOAD         LOWER_ID         UPPER_ID  LOW_STATE_ITERS
5        10.170675         0.200000         6.392182         1.000010         1.585000         0.628413         0.003965         1.585000        19.829325         0.156441                0                3                0
11        10.530817         6.392182         6.518024         0.003975         1.585000         0.315228         0.001989         1.585000        19.469183         0.153421                0                3                0
17        10.557292         6.518024         6.565736         0.001999         1.585000         0.210907         0.001331         1.585000        19.442708         0.152306                0                3                0
num_beats: 200  target_rate: 150  window_size: 6
TAG      ACTUAL_RATE      X_HAT_MINUS            X_HAT          P_MINUS                H                K                P          SPEEDUP            ERROR         WORKLOAD         LOWER_ID         UPPER_ID  LOW_STATE_ITERS
7        10.388243         0.200000         6.528904         1.000010         1.585000         0.628413         0.003965         1.585000        19.611757         0.153165                0                3                0
15        10.517781         6.528904         6.582325         0.003975         1.585000         0.315228         0.001989         1.585000        19.482219         0.151922                0                3                0
num_beats: 200  target_rate: 150  window_size: 8
TAG      ACTUAL_RATE      X_HAT_MINUS            X_HAT          P_MINUS                H                K                P          SPEEDUP            ERROR         WORKLOAD         LOWER_ID         UPPER_ID  LOW_STATE_ITERS
1         9.841719         0.200000         6.185461         1.000010         1.585000         0.628413         0.003965         1.585000        22.158281         0.161669                0                3                0
3        10.487669         6.185461         6.400987         0.003975         1.585000         0.315228         0.001989         1.585000        21.512331         0.156226                0                3                0
5        10.518066         6.400987         6.479550         0.001999         1.585000         0.210907         0.001331         1.585000        21.481934         0.154332                0                3                0
7        10.474301         6.479550         6.512011         0.001341         1.585000         0.158956         0.001003         1.585000        21.525699         0.153562                0                3                0
9        10.440031         6.512011         6.527175         0.001013         1.585000         0.127976         0.000807         1.585000        21.559969         0.153206                0                3                0
11        10.439209         6.527175         6.537240         0.000817         1.585000         0.107488         0.000678         1.585000        21.560791         0.152970                0                3                0
13        10.449269         6.537240         6.545400         0.000688         1.585000         0.092996         0.000587         1.585000        21.550731         0.152779                0                3                0
15        10.478062         6.545400         6.553921         0.000597         1.585000         0.082251         0.000519         1.585000        21.521938         0.152580                0                3                0
17        10.477054         6.553921         6.560514         0.000529         1.585000         0.074002         0.000467         1.585000        21.522946         0.152427                0                3                0
19        10.436115         6.560514         6.563059         0.000477         1.585000         0.067500         0.000426         1.585000        21.563885         0.152368                0                3                0
num_beats: 200  target_rate: 160  window_size: 2
TAG      ACTUAL_RATE      X_HAT_MINUS            X_HAT          P_MINUS                H                K                P          SPEEDUP            ERROR         WORKLOAD         LOWER_ID         UPPER_ID  LOW_STATE_ITERS
3        10.517702         0.200000         6.610258         1.000010         1.585000         0.628413         0.003965         1.585000        21.482298         0.151280                0                3                0
7        10.518310         6.610258         6.623198         0.003975         1.585000         0.315228         0.001989         1.585000        21.481690         0.150984                0                3                0
11        10.550388         6.623198         6.634296         0.001999         1.585000         0.210907         0.001331         1.585000        21.449612         0.150732                0                3                0
15        10.532600         6.634296         6.637036         0.001341         1.585000         0.158956         0.001003         1.585000        21.467400         0.150670                0                3                0
19        10.533122         6.637036         6.638754         0.001013         1.585000         0.127976         0.000807         1.585000        21.466878         0.150631                0                3                0
num_beats: 200  target_rate: 160  window_size: 4
TAG      ACTUAL_RATE      X_HAT_MINUS            X_HAT          P_MINUS                H                K                P          SPEEDUP            ERROR         WORKLOAD         LOWER_ID         UPPER_ID  LOW_STATE_ITERS
5        10.437501         0.200000         6.559859         1.000010         1.585000         0.628413         0.003965         1.585000        21.562499         0.152442                0                3                0
11        10.533208         6.559859         6.602677         0.003975         1.585000         0.315228         0.001989         1.585000        21.466792         0.151454                0                3                0
17        10.526670         6.602677         6.615632         0.001999         1.585000         0.210907         0.001331         1.585000        21.473330         0.151157                0                3                0
num_beats: 200  target_rate: 160  window_size: 6
TAG      ACTUAL_RATE      X_HAT_MINUS            X_HAT          P_MINUS                H                K                P          SPEEDUP            ERROR         WORKLOAD         LOWER_ID         UPPER_ID  LOW_STATE_ITERS
7        10.388420         0.200000         6.529016         1.000010         1.585000         0.628413         0.003965         1.585000        21.611580         0.153162                0                3                0
15        10.544578         6.529016         6.590828         0.003975         1.585000         0.315228         0.001989         1.585000        21.455422         0.151726                0                3                0
num_beats: 200  target_rate: 160  window_size: 8
